Log file open, 06/17/16 19:54:56
LogInit:Display: Running engine for game: Twin_Stick_Shooter
LogPlatformFile: Not using cached read wrapper
LogInit:Display: RandInit(239542932) SRandInit(239542933).
LogTaskGraph: Started task graph with 4 named threads and 7 total threads with 1 sets of task threads.
LogStats: Stats thread started at 0.157439
LogInit: Version: 4.12.3-3013449+++UE4+Release-4.12
LogInit: API Version: 2992821
LogInit: Net Version: 3013449
LogDevObjectVersion: Number of dev versions registered: 13
LogDevObjectVersion:   Dev-Blueprints (B0D832E4-1F89-4F0D-ACCF-7EB736FD4AA2): 3
LogDevObjectVersion:   Dev-Build (E1C64328-A22C-4D53-A36C-8E866417BD8C): 0
LogDevObjectVersion:   Dev-Core (375EC13C-06E4-48FB-B500-84F0262A717E): 1
LogDevObjectVersion:   Dev-Editor (E4B068ED-F494-42E9-A231-DA0B2E46BB41): 2
LogDevObjectVersion:   Dev-Framework (CFFC743F-43B0-4480-9391-14DF171D2073): 6
LogDevObjectVersion:   Dev-Mobile (B02B49B5-BB20-44E9-A304-32B752E40360): 0
LogDevObjectVersion:   Dev-Networking (A4E4105C-59A1-49B5-A7C5-40C4547EDFEE): 0
LogDevObjectVersion:   Dev-Online (39C831C9-5AE6-47DC-9A44-9C173E1C8E7C): 0
LogDevObjectVersion:   Dev-Physics (78F01B33-EBEA-4F98-B9B4-84EACCB95AA2): 0
LogDevObjectVersion:   Dev-Platform (6631380F-2D4D-43E0-8009-CF276956A95A): 0
LogDevObjectVersion:   Dev-Rendering (12F88B9F-8875-4AFC-A67C-D90C383ABD29): 2
LogDevObjectVersion:   Dev-Sequencer (7B5AE74C-D270-4C10-A958-57980B212A5A): 0
LogDevObjectVersion:   Dev-VR (D7296918-1DD6-4BDD-9DE2-64A83CC13884): 0
LogInit: Compiled (64-bit): Jun 14 2016 17:53:16
LogInit: Compiled with Visual C++: 19.00.23026.00
LogInit: Build Configuration: Development
LogInit: Branch Name: ++UE4+Release-4.12
LogInit: Command line:  
LogInit: Base directory: E:/Programs/Epic Games/4.12/Engine/Binaries/Win64/
LogInit: Installed Engine Build: 1
LogInit: Using libcurl 7.41.0
LogInit:  - built for x86_64-pc-win32
LogInit:  - supports SSL with WinSSL
LogInit:  - other features:
LogInit:      CURL_VERSION_SSL
LogInit:      CURL_VERSION_IPV6
LogInit:      CURL_VERSION_ASYNCHDNS
LogInit:      CURL_VERSION_LARGEFILE
LogInit:      CURL_VERSION_IDN
LogInit:  CurlRequestOptions (configurable via config and command line):
LogInit:  - bVerifyPeer = true  - Libcurl will verify peer certificate
LogInit:  - bUseHttpProxy = false  - Libcurl will NOT use HTTP proxy
LogInit:  - bDontReuseConnections = false  - Libcurl will reuse connections
LogInit:  - CertBundlePath = nullptr  - Libcurl will use whatever was configured at build time.
LogInit: Presizing for max 8388607 objects, including 0 objects not considered by GC, pre-allocating 0 bytes for permanent pool.
LogInit: Object subsystem initialized
[2016.06.17-18.54.57:558][  0]LogInit: Selected Device Profile: [Windows]
[2016.06.17-18.54.57:558][  0]LogInit: Applying CVar settings loaded from the selected device profile: [Windows]
[2016.06.17-18.54.57:852][  0]LogInit: Computer: DESKTOP-7SFO1BP
[2016.06.17-18.54.57:852][  0]LogInit: User: alex
[2016.06.17-18.54.57:852][  0]LogInit: CPU Page size=65536, Cores=4
[2016.06.17-18.54.57:852][  0]LogInit: High frequency timer resolution =3.417966 MHz
[2016.06.17-18.54.57:875][  0]LogMemory: Memory total: Physical=15.9GB (16GB approx)
[2016.06.17-18.54.57:885][  0]LogMemory: Platform Memory Stats for Windows
[2016.06.17-18.54.57:885][  0]LogMemory: Process Physical Memory: 189.15 MB used, 189.15 MB peak
[2016.06.17-18.54.57:885][  0]LogMemory: Process Virtual Memory: 195.00 MB used, 195.00 MB peak
[2016.06.17-18.54.57:885][  0]LogMemory: Physical Memory: 3845.47 MB used, 16241.91 MB total
[2016.06.17-18.54.57:885][  0]LogMemory: Virtual Memory: 553.59 MB used, 134217728.00 MB total
[2016.06.17-18.54.59:465][  0]LogTextLocalizationManager: No specific translations for ('en-GB') exist, so ('en') translations will be used.
[2016.06.17-18.55.01:410][  0]LogD3D11RHI: D3D11 adapters:
[2016.06.17-18.55.01:468][  0]LogD3D11RHI:    0. 'NVIDIA GeForce GTX 970' (Feature Level 11_0)
[2016.06.17-18.55.01:469][  0]LogD3D11RHI:       4007/0/8120 MB DedicatedVideo/DedicatedSystem/SharedSystem, Outputs:1, VendorId:0x10de
[2016.06.17-18.55.01:500][  0]LogD3D11RHI:    1. 'Intel(R) HD Graphics 4600' (Feature Level 11_0)
[2016.06.17-18.55.01:500][  0]LogD3D11RHI:       112/0/8120 MB DedicatedVideo/DedicatedSystem/SharedSystem, Outputs:0, VendorId:0x8086
[2016.06.17-18.55.01:502][  0]LogD3D11RHI:    2. 'Microsoft Basic Render Driver' (Feature Level 11_0)
[2016.06.17-18.55.01:502][  0]LogD3D11RHI:       0/0/8120 MB DedicatedVideo/DedicatedSystem/SharedSystem, Outputs:0, VendorId:0x1414
[2016.06.17-18.55.01:502][  0]LogD3D11RHI: Chosen D3D11 Adapter: 0
[2016.06.17-18.55.01:509][  0]LogD3D11RHI: Creating new Direct3DDevice
[2016.06.17-18.55.01:509][  0]LogD3D11RHI:     GPU DeviceId: 0x13c2 (for the marketing name, search the web for "GPU Device Id")
[2016.06.17-18.55.01:523][  0]LogWindows: EnumDisplayDevices:
[2016.06.17-18.55.01:523][  0]LogWindows:    0. 'NVIDIA GeForce GTX 970' (P:1 D:1)
[2016.06.17-18.55.01:524][  0]LogWindows:    1. 'NVIDIA GeForce GTX 970' (P:0 D:0)
[2016.06.17-18.55.01:524][  0]LogWindows:    2. 'NVIDIA GeForce GTX 970' (P:0 D:0)
[2016.06.17-18.55.01:524][  0]LogWindows:    3. 'NVIDIA GeForce GTX 970' (P:0 D:0)
[2016.06.17-18.55.01:524][  0]LogWindows:    4. 'Intel(R) HD Graphics 4600' (P:0 D:0)
[2016.06.17-18.55.01:525][  0]LogWindows:    5. 'Intel(R) HD Graphics 4600' (P:0 D:0)
[2016.06.17-18.55.01:525][  0]LogWindows:    6. 'Intel(R) HD Graphics 4600' (P:0 D:0)
[2016.06.17-18.55.01:525][  0]LogWindows: DebugString: PrimaryIsNotTheChoosenAdapter PrimaryIsNotTheChoosenAdapter PrimaryIsNotTheChoosenAdapter FoundDriverCount:4 
[2016.06.17-18.55.01:525][  0]LogD3D11RHI:     Adapter Name: NVIDIA GeForce GTX 970
[2016.06.17-18.55.01:525][  0]LogD3D11RHI:   Driver Version: 368.39 (internal:10.18.13.6839, unified:368.39)
[2016.06.17-18.55.01:525][  0]LogD3D11RHI:      Driver Date: 6-2-2016
[2016.06.17-18.55.01:525][  0]LogRHI: Texture pool is 1361 MB (70% of 1945 MB)
[2016.06.17-18.55.01:548][  0]LogD3D11RHI: Async texture creation enabled
[2016.06.17-18.55.02:061][  0]LogD3D11RHI: GPU Timing Frequency: 1000.000000 (Debug: 2 1)
[2016.06.17-18.55.02:284][  0]LogShaderCompilers: Guid format shader working directory is -32 characters bigger than the processId version (../../../../../../Unreal Engine Projects/Twin-Stick-Shooter/Twin_Stick_Shooter/Intermediate/Shaders/WorkingDirectory/8120/).
[2016.06.17-18.55.02:285][  0]LogShaderCompilers: Cleaned the shader compiler working directory 'C:/Users/alexo/AppData/Local/Temp/UnrealShaderWorkingDir/B144369B45728915341949981BF5F9DF/'.
[2016.06.17-18.55.02:295][  0]LogShaderCompilers:Display: Using Local Shader Compiler.
[2016.06.17-18.55.06:662][  0]LogTemp:Display: Loaded TP AllDesktopTargetPlatform
[2016.06.17-18.55.06:672][  0]LogTemp:Display: Loaded TP WindowsClientTargetPlatform
[2016.06.17-18.55.06:680][  0]LogTemp:Display: Loaded TP WindowsNoEditorTargetPlatform
[2016.06.17-18.55.06:687][  0]LogTemp:Display: Loaded TP WindowsServerTargetPlatform
[2016.06.17-18.55.06:694][  0]LogTemp:Display: Loaded TP WindowsTargetPlatform
[2016.06.17-18.55.06:746][  0]LogTemp:Display: Loaded TP AndroidTargetPlatform
[2016.06.17-18.55.06:776][  0]LogTemp:Display: Loaded TP Android_ASTCTargetPlatform
[2016.06.17-18.55.06:789][  0]LogTemp:Display: Loaded TP Android_ATCTargetPlatform
[2016.06.17-18.55.06:814][  0]LogTemp:Display: Loaded TP Android_DXTTargetPlatform
[2016.06.17-18.55.06:834][  0]LogTemp:Display: Loaded TP Android_ETC1TargetPlatform
[2016.06.17-18.55.06:844][  0]LogTemp:Display: Loaded TP Android_ETC2TargetPlatform
[2016.06.17-18.55.06:874][  0]LogTemp:Display: Loaded TP Android_MultiTargetPlatform
[2016.06.17-18.55.06:874][  0]LogTemp:Display: Loaded TP Android_PVRTCTargetPlatform
[2016.06.17-18.55.06:897][  0]LogTemp:Display: Loaded TP HTML5TargetPlatform
[2016.06.17-18.55.07:072][  0]LogTemp:Display: Loaded TP IOSTargetPlatform
[2016.06.17-18.55.07:085][  0]LogTemp:Display: Loaded TP TVOSTargetPlatform
[2016.06.17-18.55.07:112][  0]LogTemp:Display: Loaded TP LinuxNoEditorTargetPlatform
[2016.06.17-18.55.07:133][  0]LogTemp:Display: Loaded TP LinuxServerTargetPlatform
[2016.06.17-18.55.07:188][  0]LogTemp:Display: Loaded TP LinuxTargetPlatform
[2016.06.17-18.55.07:188][  0]LogTargetPlatformManager:Display: Building Assets For Windows
[2016.06.17-18.55.08:566][  0]LogDerivedDataCache:Display: Max Cache Size: 512 MB
[2016.06.17-18.55.08:942][  0]LogDerivedDataCache: Loaded boot cache 0.38s 48MB C:/Users/alexo/AppData/Local/UnrealEngine/4.12/DerivedDataCache/Boot.ddc.
[2016.06.17-18.55.08:942][  0]LogDerivedDataCache:Display: Loaded Boot cache: C:/Users/alexo/AppData/Local/UnrealEngine/4.12/DerivedDataCache/Boot.ddc
[2016.06.17-18.55.08:943][  0]LogDerivedDataCache: FDerivedDataBackendGraph:  Pak pak cache file ../../../../../../Unreal Engine Projects/Twin-Stick-Shooter/Twin_Stick_Shooter/DerivedDataCache/DDC.ddp not found, will not use a pak cache.
[2016.06.17-18.55.08:943][  0]LogDerivedDataCache: Unable to find inner node Pak for hierarchical cache Hierarchy.
[2016.06.17-18.55.08:943][  0]LogDerivedDataCache: FDerivedDataBackendGraph:  CompressedPak pak cache file ../../../../../../Unreal Engine Projects/Twin-Stick-Shooter/Twin_Stick_Shooter/DerivedDataCache/Compressed.ddp not found, will not use a pak cache.
[2016.06.17-18.55.08:943][  0]LogDerivedDataCache: Unable to find inner node CompressedPak for hierarchical cache Hierarchy.
[2016.06.17-18.55.09:145][  0]LogDerivedDataCache:Display: Pak cache opened for reading ../../../Engine/DerivedDataCache/Compressed.ddp.
[2016.06.17-18.55.09:158][  0]LogDerivedDataCache: Using Local data cache path C:/Users/alexo/AppData/Local/UnrealEngine/Common/DerivedDataCache: Writable
[2016.06.17-18.55.24:817][  0]LogInit: Selected Device Profile: [Windows]
[2016.06.17-18.55.24:912][  0]LogContentStreaming: Texture pool size is 0.00 MB
[2016.06.17-18.55.29:358][  0]LogMeshUtilities: No automatic mesh reduction module available
[2016.06.17-18.55.29:358][  0]LogMeshUtilities: No automatic mesh merging module available
[2016.06.17-18.55.29:358][  0]LogMeshUtilities: No distributed automatic mesh merging module available
[2016.06.17-18.55.35:783][  0]LogAssetRegistry: FAssetRegistry took 0.0246 seconds to start up
[2016.06.17-18.55.38:375][  0]LogPackageLocalizationCache: Processed 3 localized package path(s) for 2 prioritized culture(s) in 2.174841 seconds
[2016.06.17-18.55.38:485][  0]LogUObjectArray: 28739 objects as part of root set at end of initial load.
[2016.06.17-18.55.38:485][  0]LogUObjectAllocator: 5855632 out of 0 bytes used by permanent object pool.
[2016.06.17-18.55.38:485][  0]LogUObjectArray: CloseDisregardForGC: 0/0 objects in disregard for GC pool
[2016.06.17-18.55.38:643][  0]LogInit: WinSock: version 1.1 (2.2), MaxSocks=32767, MaxUdp=65467
[2016.06.17-18.55.51:976][  0]LogSlate: SlateFontCache - WITH_FREETYPE: 1, WITH_HARFBUZZ: 1
[2016.06.17-18.55.51:976][  0]LogSlate: SlateFontCache - WITH_FREETYPE: 1, WITH_HARFBUZZ: 1
[2016.06.17-18.56.18:224][  0]LogUdpMessaging: Initializing bridge on interface 0.0.0.0:0 to multicast group 230.0.0.1:6666.
[2016.06.17-18.56.21:238][  0]SourceControl: Info Source control is disabled
[2016.06.17-18.56.21:257][  0]SourceControl: Info Source control is disabled
[2016.06.17-18.56.21:356][  0]SourceControl: Info Source control is disabled
[2016.06.17-18.56.21:392][  0]SourceControl: Info Source control is disabled
[2016.06.17-18.56.23:902][  0]LogEngine: Initializing Engine...
[2016.06.17-18.56.24:041][  0]LogHMD: SteamVR failed to initialize.  Err: 110
[2016.06.17-18.56.24:057][  0]LogHMD: SteamVR failed to initialize.  Err: 110
[2016.06.17-18.56.25:797][  0]LogAIModule: Creating AISystem for world NewWorld
[2016.06.17-18.56.26:109][  0]LogInit: XAudio2 using 'Speakers (USB Audio Device)' : 2 channels at 44.1 kHz using 16 bits per sample (channel mask 0x3)
[2016.06.17-18.56.26:141][  0]LogInit: FAudioDevice initialized.
[2016.06.17-18.56.26:180][  0]LogDerivedDataCache: Saved boot cache 0.04s 48MB C:/Users/alexo/AppData/Local/UnrealEngine/4.12/DerivedDataCache/Boot.ddc.
[2016.06.17-18.56.26:188][  0]LogInit: Texture streaming: Enabled
[2016.06.17-18.56.26:572][  0]LogInit: Transaction tracking system initialized
[2016.06.17-18.56.27:047][  0]BlueprintLog: New page: Editor Load
[2016.06.17-18.56.28:719][  0]LocalizationService: Info Localization service is disabled
[2016.06.17-18.56.29:837][  0]LogConsoleResponse:Display: 
[2016.06.17-18.56.33:405][  0]LogFileCache: Scanning file cache for directory 'E:/Unreal Engine Projects/Twin-Stick-Shooter/Twin_Stick_Shooter/Content/' took 0.03s
[2016.06.17-18.56.33:405][  0]LogCook:Display: Max memory allowance for cook 8192mb
[2016.06.17-18.56.33:405][  0]LogCook:Display: Mobile HDR setting 1
[2016.06.17-18.56.37:219][  0]SourceControl: Info Source control is disabled
[2016.06.17-18.56.37:337][  0]Cmd: MAP LOAD FILE="../../../../../../Unreal Engine Projects/Twin-Stick-Shooter/Twin_Stick_Shooter/Content/StarterContent/Maps/Minimal_Default.umap" TEMPLATE=0 SHOWPROGRESS=1 FEATURELEVEL=3
[2016.06.17-18.56.37:451][  0]LightingResults: New page: Lighting Build
[2016.06.17-18.56.37:777][  0]MapCheck: New page: Map Check
[2016.06.17-18.56.37:777][  0]LightingResults: New page: Lighting Build
[2016.06.17-18.56.41:548][  0]LogAIModule: Creating AISystem for world Minimal_Default
[2016.06.17-18.56.42:696][  0]LogEditorServer: Finished looking for orphan Actors (0.000 secs)
[2016.06.17-18.56.42:760][  0]Cmd: MAP CHECKDEP NOCLEARLOG
[2016.06.17-18.56.42:825][  0]MapCheck: Info Map check complete: 0 Error(s), 0 Warning(s), took 65.323ms to complete.
[2016.06.17-18.56.42:825][  0]LogFileHelpers: Loading map 'Minimal_Default' took 5.563
[2016.06.17-18.56.45:412][  0]LogCollectionManager: Loaded 0 collections in 0.030121 seconds
[2016.06.17-18.56.45:601][  0]LogFileCache: Scanning file cache for directory 'E:/Unreal Engine Projects/Twin-Stick-Shooter/Twin_Stick_Shooter/Saved/Collections/' took 0.01s
[2016.06.17-18.56.45:601][  0]LogFileCache: Scanning file cache for directory 'E:/Unreal Engine Projects/Twin-Stick-Shooter/Twin_Stick_Shooter/Content/Developers/alex/Collections/' took 0.01s
[2016.06.17-18.56.45:601][  0]LogFileCache: Scanning file cache for directory 'E:/Unreal Engine Projects/Twin-Stick-Shooter/Twin_Stick_Shooter/Content/Collections/' took 0.01s
[2016.06.17-18.56.45:601][  0]LogCollectionManager: Rebuilt the GUID cache for 0 collections in 0.000008 seconds
[2016.06.17-18.56.45:632][  0]LogContentBrowser: Native class hierarchy populated in 0.0283 seconds. Added 2047 classes and 369 folders.
[2016.06.17-18.56.45:714][  0]LogStats: UGameplayTagsManager::ConstructGameplayTagTree: Construct from data asset -  0.000 s
[2016.06.17-18.56.45:723][  0]LogStats: UGameplayTagsManager::ConstructGameplayTagTree: GameplayTagTreeChangedEvent.Broadcast -  0.009 s
[2016.06.17-18.56.45:725][  0]LogContentBrowser: Native class hierarchy updated for 'GameplayTags' in 0.0015 seconds. Added 12 classes and 0 folders.
[2016.06.17-18.56.45:796][  0]LogContentBrowser: Native class hierarchy updated for 'WidgetCarousel' in 0.0012 seconds. Added 0 classes and 0 folders.
[2016.06.17-18.56.47:695][  0]LogContentBrowser: Native class hierarchy updated for 'AddContentDialog' in 0.0015 seconds. Added 0 classes and 0 folders.
[2016.06.17-18.56.47:809][  0]LogContentBrowser: Native class hierarchy updated for 'SceneOutliner' in 0.0013 seconds. Added 1 classes and 2 folders.
[2016.06.17-18.56.48:868][  0]LogCrashTracker: Crashtracker disabled due to settings.
[2016.06.17-18.56.49:124][  0]LogUObjectGlobals:Warning: Failed to find object 'Class None.'
[2016.06.17-18.56.49:263][  0]LogContentBrowser: Native class hierarchy updated for 'HierarchicalLODOutliner' in 0.0013 seconds. Added 1 classes and 2 folders.
[2016.06.17-18.56.49:263][  0]LogLoad: Full Startup: 116.96 seconds (BP compile: 1.00 seconds)
[2016.06.17-18.56.49:263][  0]LogExternalProfiler: Found external profiler: VSPerf
[2016.06.17-18.56.49:263][  0]LogExternalProfiler: Using external profiler: VSPerf
[2016.06.17-18.56.49:336][  0]LogOcInput: OculusInput pre-init called
[2