Log file open, 06/17/16 19:54:56
LogInit:Display: Running engine for game: Twin_Stick_Shooter
LogPlatformFile: Not using cached read wrapper
LogInit:Display: RandInit(239542932) SRandInit(239542933).
LogTaskGraph: Started task graph with 4 named threads and 7 total threads with 1 sets of task threads.
LogStats: Stats thread started at 0.157439
LogInit: Version: 4.12.3-3013449+++UE4+Release-4.12
LogInit: API Version: 2992821
LogInit: Net Version: 3013449
LogDevObjectVersion: Number of dev versions registered: 13
LogDevObjectVersion:   Dev-Blueprints (B0D832E4-1F89-4F0D-ACCF-7EB736FD4AA2): 3
LogDevObjectVersion:   Dev-Build (E1C64328-A22C-4D53-A36C-8E866417BD8C): 0
LogDevObjectVersion:   Dev-Core (375EC13C-06E4-48FB-B500-84F0262A717E): 1
LogDevObjectVersion:   Dev-Editor (E4B068ED-F494-42E9-A231-DA0B2E46BB41): 2
LogDevObjectVersion:   Dev-Framework (CFFC743F-43B0-4480-9391-14DF171D2073): 6
LogDevObjectVersion:   Dev-Mobile (B02B49B5-BB20-44E9-A304-32B752E40360): 0
LogDevObjectVersion:   Dev-Networking (A4E4105C-59A1-49B5-A7C5-40C4547EDFEE): 0
LogDevObjectVersion:   Dev-Online (39C831C9-5AE6-47DC-9A44-9C173E1C8E7C): 0
LogDevObjectVersion:   Dev-Physics (78F01B33-EBEA-4F98-B9B4-84EACCB95AA2): 0
LogDevObjectVersion:   Dev-Platform (6631380F-2D4D-43E0-8009-CF276956A95A): 0
LogDevObjectVersion:   Dev-Rendering (12F88B9F-8875-4AFC-A67C-D90C383ABD29): 2
LogDevObjectVersion:   Dev-Sequencer (7B5AE74C-D270-4C10-A958-57980B212A5A): 0
LogDevObjectVersion:   Dev-VR (D7296918-1DD6-4BDD-9DE2-64A83CC13884): 0
LogInit: Compiled (64-bit): Jun 14 2016 17:53:16
LogInit: Compiled with Visual C++: 19.00.23026.00
LogInit: Build Configuration: Development
LogInit: Branch Name: ++UE4+Release-4.12
LogInit: Command line:  
LogInit: Base directory: E:/Programs/Epic Games/4.12/Engine/Binaries/Win64/
LogInit: Installed Engine Build: 1
LogInit: Using libcurl 7.41.0
LogInit:  - built for x86_64-pc-win32
LogInit:  - supports SSL with WinSSL
LogInit:  - other features:
LogInit:      CURL_VERSION_SSL
LogInit:      CURL_VERSION_IPV6
LogInit:      CURL_VERSION_ASYNCHDNS
LogInit:      CURL_VERSION_LARGEFILE
LogInit:      CURL_VERSION_IDN
LogInit:  CurlRequestOptions (configurable via config and command line):
LogInit:  - bVerifyPeer = true  - Libcurl will verify peer certificate
LogInit:  - bUseHttpProxy = false  - Libcurl will NOT use HTTP proxy
LogInit:  - bDontReuseConnections = false  - Libcurl will reuse connections
LogInit:  - CertBundlePath = nullptr  - Libcurl will use whatever was configured at build time.
LogInit: Presizing for max 8388607 objects, including 0 objects not considered by GC, pre-allocating 0 bytes for permanent pool.
LogInit: Object subsystem initialized
[2016.06.17-18.54.57:558][  0]LogInit: Selected Device Profile: [Windows]
[2016.06.17-18.54.57:558][  0]LogInit: Applying CVar settings loaded from the selected device profile: [Windows]
[2016.06.17-18.54.57:852][  0]LogInit: Computer: DESKTOP-7SFO1BP
[2016.06.17-18.54.57:852][  0]LogInit: User: alex
[2016.06.17-18.54.57:852][  0]LogInit: CPU Page size=65536, Cores=4
[2016.06.17-18.54.57:852][  0]LogInit: High frequency timer resolution =3.417966 MHz
[2016.06.17-18.54.57:875][  0]LogMemory: Memory total: Physical=15.9GB (16GB approx)
[2016.06.17-18.54.57:885][  0]LogMemory: Platform Memory Stats for Windows
[2016.06.17-18.54.57:885][  0]LogMemory: Process Physical Memory: 189.15 MB used, 189.15 MB peak
[2016.06.17-18.54.57:885][  0]LogMemory: Process Virtual Memory: 195.00 MB used, 195.00 MB peak
[2016.06.17-18.54.57:885][  0]LogMemory: Physical Memory: 3845.47 MB used, 16241.91 MB total
[2016.06.17-18.54.57:885][  0]LogMemory: Virtual Memory: 553.59 MB used, 134217728.00 MB total
[2016.06.17-18.54.59:465][  0]LogTextLocalizationManager: No specific translations for ('en-GB') exist, so ('en') translations will be used.
[2016.06.17-18.55.01:410][  0]LogD3D11RHI: D3D11 adapters:
[2016.06.17-18.55.01:468][  0]LogD3D11RHI:    0. 'NVIDIA GeForce GTX 970' (Feature Level 11_0)
[2016.06.17-18.55.01:469][  0]LogD3D11RHI:       4007/0/8120 MB DedicatedVideo/DedicatedSystem/SharedSystem, Outputs:1, VendorId:0x10de
[2016.06.17-18.55.01:500][  0]LogD3D11RHI:    1. 'Intel(R) HD Graphics 4600' (Feature Level 11_0)
[2016.06.17-18.55.01:500][  0]LogD3D11RHI:       112/0/8120 MB DedicatedVideo/DedicatedSystem/SharedSystem, Outputs:0, VendorId:0x8086
[2016.06.17-18.55.01:502][  0]LogD3D11RHI:    2. 'Microsoft Basic Render Driver' (Feature Level 11_0)
[2016.06.17-18.55.01:502][  0]LogD3D11RHI:       0/0/8120 MB DedicatedVideo/DedicatedSystem/SharedSystem, Outputs:0, VendorId:0x1414
[2016.06.17-18.55.01:502][  0]LogD3D11RHI: Chosen D3D11 Adapter: 0
[2016.06.17-18.55.01:509][  0]LogD3D11RHI: Creating new Direct3DDevice
[2016.06.17-18.55.01:509][  0]LogD3D11RHI:     GPU DeviceId: 0x13c2 (for the marketing name, search the web for "GPU Device Id")
[2016.06.17-18.55.01:523][  0]LogWindows: EnumDisplayDevices:
[2016.06.17-18.55.01:523][  0]LogWindows:    0. 'NVIDIA GeForce GTX 970' (P:1 D:1)
[2016.06.17-18.55.01:524][  0]LogWindows:    1. 'NVIDIA GeForce GTX 970' (P:0 D:0)
[2016.06.17-18.55.01:524][  0]LogWindows:    2. 'NVIDIA GeForce GTX 970' (P:0 D:0)
[2016.06.17-18.55.01:524][  0]LogWindows:    3. 'NVIDIA GeForce GTX 970' (P:0 D:0)
[2016.06.17-18.55.01:524][  0]LogWindows:    4. 'Intel(R) HD Graphics 4600' (P:0 D:0)
[2016.06.17-18.55.01:525][  0]LogWindows:    5. 'Intel(R) HD Graphics 4600' (P:0 D:0)
[2016.06.17-18.55.01:525][  0]LogWindows:    6. 'Intel(R) HD Graphics 4600' (P:0 D:0)
[2016.06.17-18.55.01:525][  0]LogWindows: DebugString: PrimaryIsNotTheChoosenAdapter PrimaryIsNotTheChoosenAdapter PrimaryIsNotTheChoosenAdapter FoundDriverCount:4 
[2016.06.17-18.55.01:525][  0]LogD3D11RHI:     Adapter Name: NVIDIA GeForce GTX 970
[2016.06.17-18.55.01:525][  0]LogD3D11RHI:   Driver Version: 368.39 (internal:10.18.13.6839, unified:368.39)
[2016.06.17-18.55.01:525][  0]LogD3D11RHI:      Driver Date: 6-2-2016
[2016.06.17-18.55.01:525][  0]LogRHI: Texture pool is 1361 MB (70% of 1945 MB)
[2016.06.17-18.55.01:548][  0]LogD3D11RHI: Async texture creation enabled
[2016.06.17-18.55.02:061][  0]LogD3D11RHI: GPU Timing Frequency: 1000.000000 (Debug: 2 1)
[2016.06.17-18.55.02:284][  0]LogShaderCompilers: Guid format shader working directory is -32 characters bigger than the processId version (../../../../../../Unreal Engine Projects/Twin-Stick-Shooter/Twin_Stick_Shooter/Intermediate/Shaders/WorkingDirectory/8120/).
[2016.06.17-18.55.02:285][  0]LogShaderCompilers: Cleaned the shader compiler working directory 'C:/Users/alexo/AppData/Local/Temp/UnrealShaderWorkingDir/B144369B45728915341949981BF5F9DF/'.
[2016.06.17-18.55.02:295][  0]LogShaderCompilers:Display: Using Local Shader Compiler.
[2016.06.17-18.55.06:662][  0]LogTemp:Display: Loaded TP AllDesktopTargetPlatform
[2016.06.17-18.55.06:672][  0]LogTemp:Display: Loaded TP WindowsClientTargetPlatform
[2016.06.17-18.55.06:680][  0]LogTemp:Display: Loaded TP WindowsNoEditorTargetPlatform
[2016.06.17-18.55.06:687][  0]LogTemp:Display: Loaded TP WindowsServerTargetPlatform
[2016.06.17-18.55.06:694][  0]LogTemp:Display: Loaded TP WindowsTargetPlatform
[2016.06.17-18.55.06:746][  0]LogTemp:Display: Loaded TP AndroidTargetPlatform
[2016.06.17-18.55.06:776][  0]LogTemp:Display: Loaded TP Android_ASTCTargetPlatform
[2016.06.17-18.55.06:789][  0]LogTemp:Display: Loaded TP Android_ATCTargetPlatform
[2016.06.17-18.55.06:814][  0]LogTemp:Display: Loaded TP Android_DXTTargetPlatform
[2016.06.17-18.55.06:834][  0]LogTemp:Display: Loaded TP Android_ETC1TargetPlatform
[2016.06.17-18.55.06:844][  0]LogTemp:Display: Loaded TP Android_ETC2TargetPlatform
[2016.06.17-18.55.06:874][  0]LogTemp:Display: Loaded TP Android_MultiTargetPlatform
[2016.06.17-18.55.06:874][  0]LogTemp:Display: Loaded TP Android_PVRTCTargetPlatform
[2016.06.17-18.55.06:897][  0]LogTemp:Display: Loaded TP HTML5TargetPlatform
[2016.06.17-18.55.07:072][  0]LogTemp:Display: Loaded TP IOSTargetPlatform
[2016.06.17-18.55.07:085][  0]LogTemp:Display: Loaded TP TVOSTargetPlatform
[2016.06.17-18.55.07:112][  0]LogTemp:Display: Loaded TP LinuxNoEditorTargetPlatform
[2016.06.17-18.55.07:133][  0]LogTemp:Display: Loaded TP LinuxServerTargetPlatform
[2016.06.17-18.55.07:188][  0]LogTemp:Display: Loaded TP LinuxTargetPlatform
[2016.06.17-18.55.07:188][  0]LogTargetPlatformManager:Display: Building Assets For Windows
[2016.06.17-18.55.08:566][  0]LogDerivedDataCache:Display: Max Cache Size: 512 MB
[2016.06.17-18.55.08:942][  0]LogDerivedDataCache: Loaded boot cache 0.38s 48MB C:/Users/alexo/AppData/Local/UnrealEngine/4.12/DerivedDataCache/Boot.ddc.
[2016.06.17-18.55.08:942][  0]LogDerivedDataCache:Display: Loaded Boot cache: C:/Users/alexo/AppData/Local/UnrealEngine/4.12/DerivedDataCache/Boot.ddc
[2016.06.17-18.55.08:943][  0]LogDerivedDataCache: FDerivedDataBackendGraph:  Pak pak cache file ../../../../../../Unreal Engine Projects/Twin-Stick-Shooter/Twin_Stick_Shooter/DerivedDataCache/DDC.ddp not found, will not use a pak cache.
[2016.06.17-18.55.08:943][  0]LogDerivedDataCache: Unable to find inner node Pak for hierarchical cache Hierarchy.
[2016.06.17-18.55.08:943][  0]LogDerivedDataCache: FDerivedDataBackendGraph:  CompressedPak pak cache file ../../../../../../Unreal Engine Projects/Twin-Stick-Shooter/Twin_Stick_Shooter/DerivedDataCache/Compressed.ddp not found, will not use a pak cache.
[2016.06.17-18.55.08:943][  0]LogDerivedDataCache: Unable to find inner node CompressedPak for hierarchical cache Hierarchy.
[2016.06.17-18.55.09:145][  0]LogDerivedDataCache:Display: Pak cache opened for reading ../../../Engine/DerivedDataCache/Compressed.ddp.
[2016.06.17-18.55.09:158][  0]LogDerivedDataCache: Using Local data cache path C:/Users/alexo/AppData/Local/UnrealEngine/Common/DerivedDataCache: Writable
[2016.06.17-18.55.24:817][  0]LogInit: Selected Device Profile: [Windows]
[2016.06.17-18.55.24:912][  0]LogContentStreaming: Texture pool size is 0.00 MB
[2016.06.17-18.55.29:358][  0]LogMeshUtilities: No automatic mesh reduction module available
[2016.06.17-18.55.29:358][  0]LogMeshUtilities: No automatic mesh merging module available
[2016.06.17-18.55.29:358][  0]LogMeshUtilities: No distributed automatic mesh merging module available
[2016.06.17-18.55.35:783][  0]LogAssetRegistry: FAssetRegistry took 0.0246 seconds to start up
[2016.06.17-18.55.38:375][  0]LogPackageLocalizationCache: Processed 3 localized package path(s) for 2 prioritized culture(s) in 2.174841 seconds
[2016.06.17-18.55.38:485][  0]LogUObjectArray: 28739 objects as part of root set at end of initial load.
[2016.06.17-18.55.38:485][  0]LogUObjectAllocator: 5855632 out of 0 bytes used by permanent object pool.
[2016.06.17-18.55.38:485][  0]LogUObjectArray: CloseDisregardForGC: 0/0 objects in disregard for GC pool
[2016.06.17-18.55.38:643][  0]LogInit: WinSock: version 1.1 (2.2), MaxSocks=32767, MaxUdp=65467
[2016.06.17-18.55.51:976][  0]LogSlate: SlateFontCache - WITH_FREETYPE: 1, WITH_HARFBUZZ: 1
[2016.06.17-18.55.51:976][  0]LogSlate: SlateFontCache - WITH_FREETYPE: 1, WITH_HARFBUZZ: 1
[2016.06.17-18.56.18:224][  0]LogUdpMessaging: Initializing bridge on interface 0.0.0.0:0 to multicast group 230.0.0.1:6666.
[2016.06.17-18.56.21:238][  0]SourceControl: Info Source control is disabled
[2016.06.17-18.56.21:257][  0]SourceControl: Info Source control is disabled
[2016.06.17-18.56.21:356][  0]SourceControl: Info Source control is disabled
[2016.06.17-18.56.21:392][  0]SourceControl: Info Source control is disabled
[2016.06.17-18.56.23:902][  0]LogEngine: Initializing Engine...
[2016.06.17-18.56.24:041][  0]LogHMD: SteamVR failed to initialize.  Err: 110
[2016.06.17-18.56.24:057][  0]LogHMD: SteamVR failed to initialize.  Err: 110
[2016.06.17-18.56.25:797][  0]LogAIModule: Creating AISystem for world NewWorld
[2016.06.17-18.56.26:109][  0]LogInit: XAudio2 using 'Speakers (USB Audio Device)' : 2 channels at 44.1 kHz using 16 bits per sample (channel mask 0x3)
[2016.06.17-18.56.26:141][  0]LogInit: FAudioDevice initialized.
[2016.06.17-18.56.26:180][  0]LogDerivedDataCache: Saved boot cache 0.04s 48MB C:/Users/alexo/AppData/Local/UnrealEngine/4.12/DerivedDataCache/Boot.ddc.
[2016.06.17-18.56.26:188][  0]LogInit: Texture streaming: Enabled
[2016.06.17-18.56.26:572][  0]LogInit: Transaction tracking system initialized
[2016.06.17-18.56.27:047][  0]BlueprintLog: New page: Editor Load
[2016.06.17-18.56.28:719][  0]LocalizationService: Info Localization service is disabled
[2016.06.17-18.56.29:837][  0]LogConsoleResponse:Display: 
[2016.06.17-18.56.33:405][  0]LogFileCache: Scanning file cache for directory 'E:/Unreal Engine Projects/Twin-Stick-Shooter/Twin_Stick_Shooter/Content/' took 0.03s
[2016.06.17-18.56.33:405][  0]LogCook:Display: Max memory allowance for cook 8192mb
[2016.06.17-18.56.33:405][  0]LogCook:Display: Mobile HDR setting 1
[2016.06.17-18.56.37:219][  0]SourceControl: Info Source control is disabled
[2016.06.17-18.56.37:337][  0]Cmd: MAP LOAD FILE="../../../../../../Unreal Engine Projects/Twin-Stick-Shooter/Twin_Stick_Shooter/Content/StarterContent/Maps/Minimal_Default.umap" TEMPLATE=0 SHOWPROGRESS=1 FEATURELEVEL=3
[2016.06.17-18.56.37:451][  0]LightingResults: New page: Lighting Build
[2016.06.17-18.56.37:777][  0]MapCheck: New page: Map Check
[2016.06.17-18.56.37:777][  0]LightingResults: New page: Lighting Build
[2016.06.17-18.56.41:548][  0]LogAIModule: Creating AISystem for world Minimal_Default
[2016.06.17-18.56.42:696][  0]LogEditorServer: Finished looking for orphan Actors (0.000 secs)
[2016.06.17-18.56.42:760][  0]Cmd: MAP CHECKDEP NOCLEARLOG
[2016.06.17-18.56.42:825][  0]MapCheck: Info Map check complete: 0 Error(s), 0 Warning(s), took 65.323ms to complete.
[2016.06.17-18.56.42:825][  0]LogFileHelpers: Loading map 'Minimal_Default' took 5.563
[2016.06.17-18.56.45:412][  0]LogCollectionManager: Loaded 0 collections in 0.030121 seconds
[2016.06.17-18.56.45:601][  0]LogFileCache: Scanning file cache for directory 'E:/Unreal Engine Projects/Twin-Stick-Shooter/Twin_Stick_Shooter/Saved/Collections/' took 0.01s
[2016.06.17-18.56.45:601][  0]LogFileCache: Scanning file cache for directory 'E:/Unreal Engine Projects/Twin-Stick-Shooter/Twin_Stick_Shooter/Content/Developers/alex/Collections/' took 0.01s
[2016.06.17-18.56.45:601][  0]LogFileCache: Scanning file cache for directory 'E:/Unreal Engine Projects/Twin-Stick-Shooter/Twin_Stick_Shooter/Content/Collections/' took 0.01s
[2016.06.17-18.56.45:601][  0]LogCollectionManager: Rebuilt the GUID cache for 0 collections in 0.000008 seconds
[2016.06.17-18.56.45:632][  0]LogContentBrowser: Native class hierarchy populated in 0.0283 seconds. Added 2047 classes and 369 folders.
[2016.06.17-18.56.45:714][  0]LogStats: UGameplayTagsManager::ConstructGameplayTagTree: Construct from data asset -  0.000 s
[2016.06.17-18.56.45:723][  0]LogStats: UGameplayTagsManager::ConstructGameplayTagTree: GameplayTagTreeChangedEvent.Broadcast -  0.009 s
[2016.06.17-18.56.45:725][  0]LogContentBrowser: Native class hierarchy updated for 'GameplayTags' in 0.0015 seconds. Added 12 classes and 0 folders.
[2016.06.17-18.56.45:796][  0]LogContentBrowser: Native class hierarchy updated for 'WidgetCarousel' in 0.0012 seconds. Added 0 classes and 0 folders.
[2016.06.17-18.56.47:695][  0]LogContentBrowser: Native class hierarchy updated for 'AddContentDialog' in 0.0015 seconds. Added 0 classes and 0 folders.
[2016.06.17-18.56.47:809][  0]LogContentBrowser: Native class hierarchy updated for 'SceneOutliner' in 0.0013 seconds. Added 1 classes and 2 folders.
[2016.06.17-18.56.48:868][  0]LogCrashTracker: Crashtracker disabled due to settings.
[2016.06.17-18.56.49:124][  0]LogUObjectGlobals:Warning: Failed to find object 'Class None.'
[2016.06.17-18.56.49:263][  0]LogContentBrowser: Native class hierarchy updated for 'HierarchicalLODOutliner' in 0.0013 seconds. Added 1 classes and 2 folders.
[2016.06.17-18.56.49:263][  0]LogLoad: Full Startup: 116.96 seconds (BP compile: 1.00 seconds)
[2016.06.17-18.56.49:263][  0]LogExternalProfiler: Found external profiler: VSPerf
[2016.06.17-18.56.49:263][  0]LogExternalProfiler: Using external profiler: VSPerf
[2016.06.17-18.56.49:336][  0]LogOcInput: OculusInput pre-init called
[2016.06.17-18.56.49:833][  0]LogContentStreaming: Texture pool size now 1000 MB
[2016.06.17-18.56.51:496][  0]LogRenderer: Reallocating scene render targets to support 1208x556 (Frame:2).
[2016.06.17-18.56.52:366][  4]LogAssetRegistry: Asset discovery search completed in 76.6048 seconds
[2016.06.17-18.56.52:382][  4]LogCollectionManager: Rebuilt the object cache for 0 collections in 0.000001 seconds (found 0 objects)
[2016.06.17-18.56.52:382][  4]LogCollectionManager: Fixed up redirectors for 0 collections in 0.016115 seconds (updated 0 objects)
[2016.06.17-18.57.25:124][492]LogSkeletalMesh: InitArticulated: Bodies already created (/Engine/Transient.DebugSkelMeshComponent_0) - call TermArticulated first.
[2016.06.17-18.57.26:686][492]LogContentBrowser:Verbose: The majority of assets in the view are of type: AnimSequence
[2016.06.17-18.57.48:182][823]LogTexture:Display: Building textures: UE4_LOGO_CARD (AutoDXT)
[2016.06.17-18.57.51:665][823]LogTexture:Display: Building textures: T_ML_Rubber_Blue_01_D (AutoDXT)
[2016.06.17-18.57.57:092][823]LogTexture:Display: Building textures: T_ML_Rubber_Blue_01_N (BC5)
[2016.06.17-18.57.57:853][823]LogTexture:Display: Building textures: T_ML_FineRubber (AutoDXT)
[2016.06.17-18.58.03:543][823]LogTexture:Display: Building textures: UE4_Mannequin_occlusion_Mobile (AutoDXT)
[2016.06.17-18.58.08:754][823]LogTexture:Display: Building textures: T_ML_Aluminum01 (AutoDXT)
[2016.06.17-18.58.14:145][823]LogTexture:Display: Building textures: T_ML_Aluminum01_N (BC5)
[2016.06.17-18.58.14:825][823]LogTexture:Display: Building textures: T_FPGun_N (BC5)
[2016.06.17-18.58.15:278][823]LogTexture:Display: Building textures: T_FPGun_AO (BGRA8)
[2016.06.17-18.58.15:382][823]LogTexture:Display: Building textures: T_FPGun_M (AutoDXT)
[2016.06.17-18.58.16:133][823]LogMaterial: Missing cached shader map for material M_FPGun, compiling. 
[2016.06.17-18.58.16:379][823]LogSkeletalMesh: InitArticulated: Bodies already created (/Engine/Transient.DebugSkelMeshComponent_3) - call TermArticulated first.
[2016.06.17-18.58.25:119][627]LogRenderer: Reallocating scene render targets to support 1208x880 (Frame:6859).
[2016.06.17-18.58.50:394][540]Cmd: POLY SELECT ADJACENT WALLS
[2016.06.17-18.58.57:370][357]Cmd: TRANSACTION UNDO
[2016.06.17-18.58.57:393][357]LogEditorTransaction: Undo Rotate Actors
[2016.06.17-19.06.22:204][428]LightingResults: New page: Lighting Build
[2016.06.17-19.06.22:213][428]MapCheck: New page: Map Check
[2016.06.17-19.06.22:213][428]LightingResults: New page: Lighting Build
[2016.06.17-19.06.22:301][428]LogAIModule: Creating AISystem for world NewWorld
[2016.06.17-19.06.22:302][428]LoadErrors: New page: New Map
[2016.06.17-19.06.53:150][ 53]Cmd: BRUSH ADD SELECTNEWBRUSH
[2016.06.17-19.07.31:013][546]Cmd: BRUSH ADD SELECTNEWBRUSH
[2016.06.17-19.08.15:281][745]LogEditorViewport: Clicking on Actor (LMB): Brush (Box Brush)
[2016.06.17-19.08.23:122][683]LogEditorViewport: Clicking on Actor (LMB): Brush (Box Brush2)
[2016.06.17-19.08.33:370][908]Cmd: TRANSACTION UNDO
[2016.06.17-19.08.33:370][908]LogEditorTransaction: Undo Rotate Actors
[2016.06.17-19.09.01:686][206]LogEditorViewport: Clicking Background
[2016.06.17-19.09.01:903][229]LogEditorViewport: Clicking Background
[2016.06.17-19.09.02:346][282]LogEditorViewport: Clicking on Actor (LMB): Brush (Box Brush)
[2016.06.17-19.09.14:697][714]LogEditorViewport: Clicking on Actor (LMB): Brush (Box Brush)
[2016.06.17-19.09.16:945][980]LogEditorViewport: Clicking on Actor (LMB): Brush (Box Brush)
[2016.06.17-19.09.29:786][473]LogEditorViewport: Clicking Background
[2016.06.17-19.09.30:313][536]LogEditorViewport: Clicking Background
[2016.06.17-19.09.30:714][584]LogEditorViewport: Clicking Background
[2016.06.17-19.09.31:092][629]LogEditorViewport: Clicking on Actor (LMB): Brush (Box Brush2)
[2016.06.17-19.10.59:345][190]LogEditorViewport: Clicking on Actor (LMB): Brush (Box Brush2)
[2016.06.17-19.11.59:453][361]LogEditorViewport: Clicking on Actor (CTRL LMB): Brush (Box Brush2)
[2016.06.17-19.12.36:695][805]LogEditorViewport: Clicking Background
[2016.06.17-19.12.37:263][873]LogEditorViewport: Clicking on Actor (LMB): Brush (Box Brush)
[2016.06.17-19.13.01:720][795]LogEditorViewport: Clicking Background
[2016.06.17-19.13.02:255][859]LogEditorViewport: Clicking on Actor (LMB): Brush (Box Brush)
[2016.06.17-19.13.09:413][714]Cmd: TRANSACTION UNDO
[2016.06.17-19.13.09:413][714]LogEditorTransaction: Undo Move Actors
[2016.06.17-19.13.37:127][999]Cmd: TRANSACTION UNDO
[2016.06.17-19.13.37:127][999]LogEditorTransaction: Undo Move Actors
[2016.06.17-19.13.48:066][288]LogEditorViewport: Clicking on Actor (LMB): Brush (Box Brush6)
[2016.06.17-19.13.55:362][161]Cmd: TRANSACTION UNDO
[2016.06.17-19.13.55:362][161]LogEditorTransaction: Undo Clicking on Actors
[2016.06.17-19.14.01:705][899]LogEditorViewport: Clicking Background
[2016.06.17-19.14.02:508][995]LogEditorViewport: Clicking on Actor (LMB): Brush (Box Brush)
[2016.06.17-19.14.15:462][546]Cmd: TRANSACTION UNDO
[2016.06.17-19.14.15:462][546]LogEditorTransaction: Undo Set actor location
[2016.06.17-19.14.38:277][251]LogEditorViewport: Clicking Background
[2016.06.17-19.15.03:021][190]LogEditorViewport: Clicking Background
[2016.06.17-19.16.00:270][923]Cmd: POLY SELECT MATCHING TEXTURE
[2016.06.17-19.16.39:320][410]LogTexture:Display: Building textures: T_Metal_Steel_D (AutoDXT)
[2016.06.17-19.16.42:623][410]LogTexture:Display: Building textures: T_Metal_Steel_N (BC5)
[2016.06.17-19.16.55:786][808]LogTexture:Display: Building textures: T_Perlin_Noise_M (AutoDXT)
[2016.06.17-19.17.01:140][808]LogTexture:Display: Building textures: T_Ground_Grass_N (BC5)
[2016.06.17-19.17.02:222][808]LogTexture:Display: Building textures: T_Ground_Grass_D (AutoDXT)
[2016.06.17-19.17.10:510][ 74]LogTexture:Display: Building textures: T_Tech_Hex_Tile_N (BC5)
[2016.06.17-19.17.10:659][ 74]LogTexture:Display: Building textures: T_Tech_Hex_Tile_M (AutoDXT)
[2016.06.17-19.17.11:549][ 75]LogSavePackage: Save=174.78ms
[2016.06.17-19.17.11:549][ 75]LogSavePackage: Moving '../../../../../../Unreal Engine Projects/Twin-Stick-Shooter/Twin_Stick_Shooter/Saved/Untitled_1_Auto18C881A704B461EFEBEE0A8AD6295E3E2.tmp' to '../../../../../../Unreal Engine Projects/Twin-Stick-Shooter/Twin_Stick_Shooter/Saved/Autosaves/Temp/Untitled_1_Auto1.umap'
[2016.06.17-19.17.11:551][ 75]LogSavePackage:Display: Finished SavePackage ../../../../../../Unreal Engine Projects/Twin-Stick-Shooter/Twin_Stick_Shooter/Saved/Autosaves/Temp/Untitled_1_Auto1.umap
[2016.06.17-19.17.11:808][ 75]LogFileHelpers: Editor autosave (incl. sublevels) for '/Temp/Untitled_1' took 0.525
[2016.06.17-19.17.11:808][ 75]LogFileHelpers: Editor autosave (incl. sublevels) for all levels took 0.525
[2016.06.17-19.17.34:664][677]LogTexture:Display: Building textures: T_ColorGrid (AutoDXT)
[2016.06.17-19.17.39:503][197]LogTexture:Display: Building textures: T_Brick_Clay_Beveled_N (BC5)
[2016.06.17-19.17.40:430][197]LogTexture:Display: Building textures: T_Brick_Clay_Beveled_M (AutoDXT)
[2016.06.17-19.17.45:919][197]LogTexture:Display: Building textures: T_Brick_Clay_Beveled_D (AutoDXT)
[2016.06.17-19.17.54:123][435]LogTexture:Display: Building textures: T_CobbleStone_Smooth_M (AutoDXT)
[2016.06.17-19.17.59:157][435]LogTexture:Display: Building textures: T_CobbleStone_Smooth_D (AutoDXT)
[2016.06.17-19.18.04:562][435]LogTexture:Display: Building textures: T_CobbleStone_Smooth_N (BC5)
[2016.06.17-19.18.05:517][435]LogTexture:Display: Building textures: T_Rock_Smooth_Granite_D (AutoDXT)
[2016.06.17-19.18.10:729][435]LogTexture:Display: Building textures: T_Gradinet_01 (AutoDXT)
[2016.06.17-19.18.19:164][325]LogTexture:Display: Building textures: T_Rock_Slate_D (AutoDXT)
[2016.06.17-19.18.24:556][325]LogTexture:Display: Building textures: T_Rock_Slate_N (BC5)
[2016.06.17-19.18.29:377][761]LogTexture:Display: Building textures: T_Rock_Sandstone_D (AutoDXT)
[2016.06.17-19.18.34:748][761]LogTexture:Display: Building textures: T_Rock_Sandstone_N (BC5)
[2016.06.17-19.18.58:941][480]LogTexture:Display: Building textures: T_Concrete_Tiles_M (AutoDXT)
[2016.06.17-19.19.03:783][480]LogTexture:Display: Building textures: T_Concrete_Tiles_N (BC5)
[2016.06.17-19.19.04:627][480]LogTexture:Display: Building textures: T_Concrete_Tiles_D (AutoDXT)
[2016.06.17-19.19.08:253][480]LogTexture:Display: Building textures: T_Concrete_Tiles_Variation_M (AutoDXT)
[2016.06.17-19.19.26:456][627]Cmd: POLY SELECT MATCHING TEXTURE
[2016.06.17-19.19.42:819][485]LogTexture:Display: Building textures: T_Brick_Clay_New_N (BC5)
[2016.06.17-19.19.43:593][485]LogTexture:Display: Building textures: T_Detail_Rocky_N (BC5)
[2016.06.17-19.19.44:040][485]LogTexture:Display: Building textures: T_Brick_Clay_New_D (AutoDXT)
[2016.06.17-19.19.49:242][485]LogTexture:Display: Building textures: T_Brick_Clay_New_M (AutoDXT)
[2016.06.17-19.20.00:182][ 89]LogTexture:Display: Building textures: T_Brick_Clay_Old_D (AutoDXT)
[2016.06.17-19.20.05:555][ 89]LogTexture:Display: Building textures: T_Brick_Clay_Old_N (BC5)
[2016.06.17-19.20.40:267][952]LogEditorViewport: Clicking on Actor (LMB): DirectionalLight (DirectionalLight)
[2016.06.17-19.21.28:264][405]LogTexture:Display: Building textures: HDRI_Epic_Courtyard_Daylight (RGBA16F)
[2016.06.17-19.21.53:291][539]MapCheck: New page: Map Check
[2016.06.17-19.21.53:833][539]Cmd: MAP REBUILD ALLVISIBLE
[2016.06.17-19.21.53:837][539]LogEditorServer: Rebuildmap Clear paths rebuilt
[2016.06.17-19.21.54:025][539]LogEditorServer: Cleared 10 NULL BSP materials after rebuild.
[2016.06.17-19.21.54:101][539]LightingResults: New page: Lighting Build - 17 Jun 2016 20:21:54
[2016.06.17-19.21.54:409][539]LogSwarmInterface: [OpenConnection] Registering TCP channel ...
[2016.06.17-19.21.54:493][539]LogSwarmInterface: [OpenConnection] Connecting to agent ...
[2016.06.17-19.21.54:505][539]LogSwarmInterface: [TryOpenConnection] Testing the Agent
[2016.06.17-19.21.55:021][539]LogSwarmInterface: [TryOpenConnection] Opening Connection to Agent
[2016.06.17-19.21.55:021][539]LogSwarmInterface: [TryOpenConnection] Local Process ID is 8120
[2016.06.17-19.21.57:910][539]LogStaticLightingSystem:Warning: No importance volume found, so the scene bounding box was used.  You can optimize your scene's quality and lighting build times by adding importance volumes.
[2016.06.17-19.21.57:955][539]LogStaticLightingSystem: Running Lightmass w/ ImmediateImport mode ENABLED
[2016.06.17-19.21.57:955][539]LogStaticLightingSystem: Running Lightmass w/ ImmediateProcess mode ENABLED
[2016.06.17-19.21.57:955][539]LogStaticLightingSystem: Running Lightmass w/ Sorting mode ENABLED
[2016.06.17-19.21.57:955][539]LogStaticLightingSystem: Running Lightmass w/ Mapping paddings ENABLED
[2016.06.17-19.21.57:955][539]LogStaticLightingSystem: Running Lightmass w/ Mapping debug paddings DISABLED
[2016.06.17-19.21.58:089][539]Cmd: MAP CHECK DONTDISPLAYDIALOG
[2016.06.17-19.21.58:089][539]MapCheck: New page: Untitled_1 - 17 Jun 2016 20:21:58
[2016.06.17-19.21.58:147][539]MapCheck: Info Map check complete: 0 Error(s), 0 Warning(s), took 57.98ms to complete.
[2016.06.17-19.21.58:169][539]LogEditorBuildUtils: Build time 0:04
[2016.06.17-19.21.58:272][539]LogMaterial: Missing cached shader map for material FLightmassMaterialRenderer M_Brick_Clay_Old, compiling. 
[2016.06.17-19.21.58:292][539]LogMaterial: Missing cached shader map for material FLightmassMaterialRenderer M_Brick_Clay_Old, compiling. 
[2016.06.17-19.21.58:352][540]LogMaterial: Missing cached shader map for material FLightmassMaterialRenderer M_Concrete_Tiles, compiling. 
[2016.06.17-19.21.58:373][540]LogMaterial: Missing cached shader map for material FLightmassMaterialRenderer M_Concrete_Tiles, compiling. 
[2016.06.17-19.21.58:421][541]LogMaterial: Missing cached shader map for material FLightmassMaterialRenderer WorldGridMaterial, compiling. Is special engine material.
[2016.06.17-19.21.58:426][541]LogMaterial: Missing cached shader map for material FLightmassMaterialRenderer WorldGridMaterial, compiling. Is special engine material.
[2016.06.17-19.22.01:907][608]Job is a success!
[2016.06.17-19.22.02:111][609]LogTexture:Display: Building textures: HQ_Lightmap0_1 (AutoDXT)
[2016.06.17-19.22.02:111][609]LogTexture:Display: Building textures: SkyOcclusion0_1 (AutoDXT)
[2016.06.17-19.22.02:111][609]LogTexture:Display: Building textures: LQ_Lightmap_0_1 (DXT1)
[2016.06.17-19.22.02:111][609]LogTexture:Display: Building textures: ShadowMapTexture2D_0 (G8)
[2016.06.17-19.22.02:145][609]Lightmass on DESKTOP-7SFO1BP: 731 ms total, 87 ms importing, 18 ms setup, 129 ms photons, 484 ms processing, 0 ms extra exporting [17/17 mappings]. Threads: 1.90 sec total, 506 ms processing.
[2016.06.17-19.22.02:195][609]LogStaticLightingSystem: Illumination: 8.08 sec (74 ms encoding lightmaps, 29 ms encoding shadowmaps)
[2016.06.17-19.22.02:196][609]LogStaticLightingSystem: Lightmap texture memory:  0.7 MB (0.0 MB streaming, 0.7 MB non-streaming), 2 textures
[2016.06.17-19.22.02:196][609]LogStaticLightingSystem: Shadowmap texture memory: 0.2 MB (0.0 MB streaming, 0.2 MB non-streaming), 1 textures
[2016.06.17-19.22.02:901][610]Cmd: MAP CHECK NOTIFYRESULTS
[2016.06.17-19.22.02:901][610]MapCheck: New page: Untitled_1 - 17 Jun 2016 20:22:02
[2016.06.17-19.22.02:972][610]MapCheck: Info Map check complete: 0 Error(s), 0 Warning(s), took 71.01ms to complete.
[2016.06.17-19.24.41:136][140]LogSavePackage: Save=55.41ms
[2016.06.17-19.24.41:137][140]LogSavePackage: Moving '../../../../../../Unreal Engine Projects/Twin-Stick-Shooter/Twin_Stick_Shooter/Saved/ArenaMapC762043F42AF6B76AA859087D72B3517.tmp' to '../../../../../../Unreal Engine Projects/Twin-Stick-Shooter/Twin_Stick_Shooter/Content/Maps/ArenaMap.umap'
[2016.06.17-19.24.41:528][140]LogSavePackage:Display: Finished SavePackage ../../../../../../Unreal Engine Projects/Twin-Stick-Shooter/Twin_Stick_Shooter/Content/Maps/ArenaMap.umap
[2016.06.17-19.24.41:728][140]LogFileHelpers: Saving map 'ArenaMap' took 2.865
[2016.06.17-19.37.16:257][987]LogEditorViewport: Clicking Background
[2016.06.17-19.38.42:382][934]Running E:/Programs/Epic Games/4.12/Engine/Binaries/DotNET/UnrealBuildTool.exe  -projectfiles -project="E:/Unreal Engine Projects/Twin-Stick-Shooter/Twin_Stick_Shooter/Twin_Stick_Shooter.uproject" -game -rocket -progress
[2016.06.17-19.38.42:687][934]Discovering modules, targets and source code for project...
[2016.06.17-19.38.46:914][934]LogHotReload: Recompiling module Twin_Stick_Shooter...
[2016.06.17-19.38.46:916][934]LogVSAccessor:Warning: Couldn't access Visual Studio
[2016.06.17-19.38.46:940][934]Recompiling Twin_Stick_Shooter...
[2016.06.17-19.38.46:940][934]Launching UnrealBuildTool... [E:/Programs/Epic Games/4.12/Engine/Binaries/DotNET/UnrealBuildTool.exe Twin_Stick_Shooter -Module Twin_Stick_Shooter Win64 Development -editorrecompile -canskiplink "E:/Unreal Engine Projects/Twin-Stick-Shooter/Twin_Stick_Shooter/Twin_Stick_Shooter.uproject"  -2015]
[2016.06.17-19.39.46:213][934]Performing full C++ include scan (hot reloading a new target)
Creating makefile for hot reloading Twin_Stick_Shooter (no existing makefile)
Compiling game modules for hot reload
Parsing headers for Twin_Stick_ShooterEditor
  Running UnrealHeaderTool "E:\Unreal Engine Projects\Twin-Stick-Shooter\Twin_Stick_Shooter\Twin_Stick_Shooter.uproject" "E:\Unreal Engine Projects\Twin-Stick-Shooter\Twin_Stick_Shooter\Intermediate\Build\Win64\Twin_Stick_ShooterEditor\Development\Twin_Stick_ShooterEditor.uhtmanifest" -LogCmds="loginit warning, logexit warning, logdatabase error" -Unattended -WarningsAsErrors -installed
Reflection code generated for Twin_Stick_ShooterEditor in 4.6047386 seconds
Performing 7 actions (4 in parallel)
[3/7] Resource ModuleVersionResource.rc.inl
[2/7] Resource PCLaunch.rc
PCH.Twin_Stick_Shooter.h.cpp
BaseCharacter.cpp
Twin_Stick_Shooter.cpp
Twin_Stick_Shooter.generated.cpp
[7/7] Link UE4Editor-Twin_Stick_Shooter.dll
   Creating library E:\Unreal Engine Projects\Twin-Stick-Shooter\Twin_Stick_Shooter\Intermediate\Build\Win64\UE4Editor\Development\UE4Editor-Twin_Stick_Shooter.lib and object E:\Unreal Engine Projects\Twin-Stick-Shooter\Twin_Stick_Shooter\Intermediate\Build\Win64\UE4Editor\Development\UE4Editor-Twin_Stick_Shooter.exp
Total build time: 59.07 seconds

[2016.06.17-19.39.46:253][934]CompilerResultsLog: New page: Compilation - 17 Jun 2016 20:39:46
[2016.06.17-19.39.46:253][934]CompilerResultsLog: Info Performing full C++ include scan (hot reloading a new target)
[2016.06.17-19.39.46:253][934]CompilerResultsLog: Info Creating makefile for hot reloading Twin_Stick_Shooter (no existing makefile)
[2016.06.17-19.39.46:253][934]CompilerResultsLog: Info Compiling game modules for hot reload
[2016.06.17-19.39.46:253][934]CompilerResultsLog: Info Parsing headers for Twin_Stick_ShooterEditor
[2016.06.17-19.39.46:253][934]CompilerResultsLog: Info   Running UnrealHeaderTool "E:\Unreal Engine Projects\Twin-Stick-Shooter\Twin_Stick_Shooter\Twin_Stick_Shooter.uproject" "E:\Unreal Engine Projects\Twin-Stick-Shooter\Twin_Stick_Shooter\Intermediate\Build\Win64\Twin_Stick_ShooterEditor\Development\Twin_Stick_ShooterEditor.uhtmanifest" -LogCmds="loginit warning, logexit warning, logdatabase error" -Unattended -WarningsAsErrors -installed
[2016.06.17-19.39.46:253][934]CompilerResultsLog: Info Reflection code generated for Twin_Stick_ShooterEditor in 4.6047386 seconds
[2016.06.17-19.39.46:253][934]CompilerResultsLog: Info Performing 7 actions (4 in parallel)
[2016.06.17-19.39.46:254][934]CompilerResultsLog: Info [3/7] Resource ModuleVersionResource.rc.inl
[2016.06.17-19.39.46:254][934]CompilerResultsLog: Info [2/7] Resource PCLaunch.rc
[2016.06.17-19.39.46:254][934]CompilerResultsLog: Info PCH.Twin_Stick_Shooter.h.cpp
[2016.06.17-19.39.46:254][934]CompilerResultsLog: Info BaseCharacter.cpp
[2016.06.17-19.39.46:254][934]CompilerResultsLog: Info Twin_Stick_Shooter.cpp
[2016.06.17-19.39.46:254][934]CompilerResultsLog: Info Twin_Stick_Shooter.generated.cpp
[2016.06.17-19.39.46:254][934]CompilerResultsLog: Info [7/7] Link UE4Editor-Twin_Stick_Shooter.dll
[2016.06.17-19.39.46:254][934]CompilerResultsLog: Info    Creating library E:\Unreal Engine Projects\Twin-Stick-Shooter\Twin_Stick_Shooter\Intermediate\Build\Win64\UE4Editor\Development\UE4Editor-Twin_Stick_Shooter.lib and object E:\Unreal Engine Projects\Twin-Stick-Shooter\Twin_Stick_Shooter\Intermediate\Build\Win64\UE4Editor\Development\UE4Editor-Twin_Stick_Shooter.exp
[2016.06.17-19.39.46:254][934]CompilerResultsLog: Info Total build time: 59.07 seconds
[2016.06.17-19.39.46:254][934]LogMainFrame: MainFrame: Module compiling took 59.338 seconds
[2016.06.17-19.39.46:254][934]Reloading module Twin_Stick_Shooter after successful compile.
[2016.06.17-19.39.46:272][934]LogContentBrowser: Native class hierarchy updated for 'Twin_Stick_Shooter' in 0.0016 seconds. Added 1 classes and 2 folders.
[2016.06.17-19.39.46:322][934]LogContentBrowser: Native class hierarchy populated in 0.0198 seconds. Added 2050 classes and 375 folders.
[2016.06.17-19.39.49:239][ 11]LogVSAccessor:Warning: Visual Studio is open but could not be queried - it may be blocked by a modal operation
[2016.06.17-19.39.53:139][ 12]LogVSAccessor:Warning: Couldn't goto line number '0' in 'E:/Unreal Engine Projects/Twin-Stick-Shooter/Twin_Stick_Shooter/Source/Twin_Stick_Shooter/BaseCharacter.h'
[2016.06.17-19.39.53:242][ 12]LogVSAccessor:Warning: Couldn't goto line number '0' in 'E:/Unreal Engine Projects/Twin-Stick-Shooter/Twin_Stick_Shooter/Source/Twin_Stick_Shooter/BaseCharacter.cpp'
[2016.06.17-19.56.02:425][918]LogHotReload: New module detected: UE4Editor-Twin_Stick_Shooter-4585.dll
[2016.06.17-19.56.03:433][922]LogHotReload: Starting Hot-Reload from IDE
[2016.06.17-19.56.03:467][922]LogClass: Could not find existing class BaseCharacter in package /Script/Twin_Stick_Shooter for HotReload, assuming new class
[2016.06.17-19.56.03:467][922]LogClass: Function CalculateHealth is new.
[2016.06.17-19.56.03:470][922]LogHotReload: Re-instancing BaseCharacter after hot-reload.
[2016.06.17-19.56.03:674][922]LogContentBrowser: Native class hierarchy updated for 'Twin_Stick_Shooter' in 0.0036 seconds. Added 1 classes and 2 folders.
[2016.06.17-19.56.03:675][922]Warning: HotReload successful (0 functions remapped  0 scriptstructs remapped)
[2016.06.17-19.56.03:693][922]LogContentBrowser: Native class hierarchy populated in 0.0173 seconds. Added 2050 classes and 375 folders.
[2016.06.17-19.56.03:702][922]Warning: HotReload took  0.3s.
[2016.06.17-19.57.22:961][334]Cmd: CLOSE_SLATE_MAINFRAME
[2016.06.17-19.57.24:332][335]Cmd: QUIT_EDITOR
[2016.06.17-19.57.25:407][335]LogWindowsTextInputMethodSystem:Display: IME system now deactivated.
[2016.06.17-19.57.26:514][335]LogExit: Preparing to exit.
[2016.06.17-19.57.28:020][335]LogExit: Editor shut down
[2016.06.17-19.57.28:022][335]LogExit: Transaction tracking system shut down
[2016.06.17-19.57.36:286][335]LogObj: Freed 0b from 0 cluster array pools.
[2016.06.17-19.57.36:286][335]LogExit: Object subsystem successfully closed.
[2016.06.17-19.57.36:965][335]LogD3D11RHI: Shutdown
[2016.06.17-19.57.36:987][335]LogD3D11RHI: CleanupD3DDevice
[2016.06.17-19.57.38:408][335]LogD3D11RHI: ~FD3D11DynamicRHI
[2016.06.17-19.57.43:231][335]LogModuleManager: Shutting down and abandoning module Twin_Stick_Shooter (217)
[2016.06.17-19.57.43:231][335]LogModuleManager: Shutting down and abandoning module HierarchicalLODUtilities (216)
[2016.06.17-19.57.43:246][335]LogModuleManager: Shutting down and abandoning module NewLevelDialog (215)
[2016.06.17-19.57.43:246][335]LogModuleManager: Shutting down and abandoning module ExternalImagePicker (214)
[2016.06.17-19.57.43:246][335]LogModuleManager: Shutting down and abandoning module HierarchicalLODOutliner (213)
[2016.06.17-19.57.43:246][335]LogModuleManager: Shutting down and abandoning module CrashTracker (212)
[2016.06.17-19.57.43:246][335]LogModuleManager: Shutting down and abandoning module SceneOutliner (211)
[2016.06.17-19.57.43:246][335]LogModuleManager: Shutting down and abandoning module WidgetCarousel (210)
[2016.06.17-19.57.43:286][335]LogModuleManager: Shutting down and abandoning module AddContentDialog (209)
[2016.06.17-19.57.43:407][335]LogModuleManager: Shutting down and abandoning module GameplayTags (208)
[2016.06.17-19.57.43:408][335]LogModuleManager: Shutting down and abandoning module EditorWidgets (207)
[2016.06.17-19.57.43:408][335]LogModuleManager: Shutting down and abandoning module CollectionManager (206)
[2016.06.17-19.57.43:408][335]LogModuleManager: Shutting down and abandoning module StatsViewer (205)
[2016.06.17-19.57.43:459][335]LogModuleManager: Shutting down and abandoning module FoliageEdit (204)
[2016.06.17-19.57.43:459][335]LogModuleManager: Shutting down and abandoning module LandscapeEditor (203)
[2016.06.17-19.57.43:486][335]LogModuleManager: Shutting down and abandoning module SceneDepthPickerMode (202)
[2016.06.17-19.57.43:486][335]LogModuleManager: Shutting down and abandoning module ActorPickerMode (201)
[2016.06.17-19.57.43:486][335]LogModuleManager: Shutting down and abandoning module GeometryMode (200)
[2016.06.17-19.57.43:486][335]LogModuleManager: Shutting down and abandoning module TextureAlignMode (199)
[2016.06.17-19.57.43:486][335]LogModuleManager: Shutting down and abandoning module BspMode (198)
[2016.06.17-19.57.43:486][335]LogModuleManager: Shutting down and abandoning module HardwareSurvey (197)
[2016.06.17-19.57.43:486][335]LogModuleManager: Shutting down and abandoning module SequenceRecorderSections (196)
[2016.06.17-19.57.43:486][335]LogModuleManager: Shutting down and abandoning module SequenceRecorder (195)
[2016.06.17-19.57.43:558][335]LogModuleManager: Shutting down and abandoning module AutomationWorker (194)
[2016.06.17-19.57.43:558][335]LogModuleManager: Shutting down and abandoning module MatineeToLevelSequence (193)
[2016.06.17-19.57.43:558][335]LogModuleManager: Shutting down and abandoning module PlacementMode (192)
[2016.06.17-19.57.43:558][335]LogModuleManager: Shutting down and abandoning module LevelSequenceEditor (191)
[2016.06.17-19.57.43:707][335]LogModuleManager: Shutting down and abandoning module CharacterAI (190)
[2016.06.17-19.57.43:707][335]LogModuleManager: Shutting down and abandoning module SmartSnapping (189)
[2016.06.17-19.57.43:707][335]LogModuleManager: Shutting down and abandoning module SessionServices (188)
[2016.06.17-19.57.43:707][335]LogModuleManager: Shutting down and abandoning module ViewportSnapping (187)
[2016.06.17-19.57.43:707][335]LogModuleManager: Shutting down and abandoning module LogVisualizer (186)
[2016.06.17-19.57.43:830][335]LogModuleManager: Shutting down and abandoning module GameProjectGeneration (185)
[2016.06.17-19.57.43:830][335]LogModuleManager: Shutting down and abandoning module IntroTutorials (184)
[2016.06.17-19.57.43:870][335]LogModuleManager: Shutting down and abandoning module EditorLiveStreaming (183)
[2016.06.17-19.57.43:871][335]LogModuleManager: Shutting down and abandoning module IOSPlatformEditor (182)
[2016.06.17-19.57.43:967][335]LogModuleManager: Shutting down and abandoning module HTML5PlatformEditor (181)
[2016.06.17-19.57.43:967][335]LogModuleManager: Shutting down and abandoning module AndroidDeviceDetection (180)
[2016.06.17-19.57.44:314][335]LogModuleManager: Shutting down and abandoning module AndroidPlatformEditor (179)
[2016.06.17-19.57.44:388][335]LogModuleManager: Shutting down and abandoning module IOSRuntimeSettings (178)
[2016.06.17-19.57.44:388][335]LogModuleManager: Shutting down and abandoning module AndroidRuntimeSettings (177)
[2016.06.17-19.57.44:388][335]LogModuleManager: Shutting down and abandoning module MergeActors (176)
[2016.06.17-19.57.44:431][335]LogModuleManager: Shutting down and abandoning module SizeMap (175)
[2016.06.17-19.57.44:431][335]LogModuleManager: Shutting down and abandoning module TreeMap (174)
[2016.06.17-19.57.44:502][335]LogModuleManager: Shutting down and abandoning module ReferenceViewer (173)
[2016.06.17-19.57.44:538][335]LogModuleManager: Shutting down and abandoning module LocalizationService (172)
[2016.06.17-19.57.44:681][335]LogModuleManager: Shutting down and abandoning module LocalizationDashboard (171)
[2016.06.17-19.57.44:799][335]LogModuleManager: Shutting down and abandoning module HardwareTargeting (170)
[2016.06.17-19.57.44:822][335]LogModuleManager: Shutting down and abandoning module DeviceProfileEditor (169)
[2016.06.17-19.57.44:884][335]LogModuleManager: Shutting down and abandoning module UndoHistory (168)
[2016.06.17-19.57.44:904][335]LogModuleManager: Shutting down and abandoning module UserFeedback (167)
[2016.06.17-19.57.44:904][335]LogModuleManager: Shutting down and abandoning module XmlParser (166)
[2016.06.17-19.57.44:904][335]LogModuleManager: Shutting down and abandoning module Blutility (165)
[2016.06.17-19.57.44:919][335]LogModuleManager: Shutting down and abandoning module ProjectTargetPlatformEditor (164)
[2016.06.17-19.57.44:919][335]LogModuleManager: Shutting down and abandoning module ProjectSettingsViewer (163)
[2016.06.17-19.57.44:919][335]LogModuleManager: Shutting down and abandoning module InputBindingEditor (162)
[2016.06.17-19.57.45:013][335]LogModuleManager: Shutting down and abandoning module EditorSettingsViewer (161)
[2016.06.17-19.57.45:013][335]LogModuleManager: Shutting down and abandoning module SettingsEditor (160)
[2016.06.17-19.57.45:079][335]LogModuleManager: Shutting down and abandoning module ProjectLauncher (159)
[2016.06.17-19.57.45:236][335]LogModuleManager: Shutting down and abandoning module SessionFrontend (158)
[2016.06.17-19.57.45:360][335]LogModuleManager: Shutting down and abandoning module ProfilerClient (157)
[2016.06.17-19.57.45:406][335]LogModuleManager: Shutting down and abandoning module TargetDeviceServices (156)
[2016.06.17-19.57.45:406][335]LogModuleManager: Shutting down and abandoning module DeviceManager (155)
[2016.06.17-19.57.45:453][335]LogModuleManager: Shutting down and abandoning module AutomationController (154)
[2016.06.17-19.57.45:474][335]LogModuleManager: Shutting down and abandoning module AutomationWindow (153)
[2016.06.17-19.57.45:644][335]LogModuleManager: Shutting down and abandoning module Layers (152)
[2016.06.17-19.57.45:757][335]LogModuleManager: Shutting down and abandoning module ComponentVisualizers (151)
[2016.06.17-19.57.45:757][335]LogModuleManager: Shutting down and abandoning module DetailCustomizations (150)
[2016.06.17-19.57.45:771][335]LogModuleManager: Shutting down and abandoning module PackagesDialog (149)
[2016.06.17-19.57.45:837][335]LogModuleManager: Shutting down and abandoning module Persona (148)
[2016.06.17-19.57.45:947][335]LogModuleManager: Shutting down and abandoning module Kismet (147)
[2016.06.17-19.57.45:981][335]LogModuleManager: Shutting down and abandoning module GraphEditor (146)
[2016.06.17-19.57.46:286][335]LogModuleManager: Shutting down and abandoning module ClassViewer (145)
[2016.06.17-19.57.46:287][335]LogModuleManager: Shutting down and abandoning module Toolbox (144)
[2016.06.17-19.57.46:315][335]LogModuleManager: Shutting down and abandoning module ModuleUI (143)
[2016.06.17-19.57.46:335][335]LogModuleManager: Shutting down and abandoning module MovieSceneTools (142)
[2016.06.17-19.57.46:416][335]LogModuleManager: Shutting down and abandoning module OutputLog (141)
[2016.06.17-19.57.46:482][335]LogModuleManager: Shutting down and abandoning module GammaUI (140)
[2016.06.17-19.57.46:536][335]LogModuleManager: Shutting down and abandoning module Documentation (139)
[2016.06.17-19.57.46:536][335]LogModuleManager: Shutting down and abandoning module StreamingPauseRendering (138)
[2016.06.17-19.57.46:536][335]LogModuleManager: Shutting down and abandoning module AnalyticsET (137)
[2016.06.17-19.57.46:536][335]LogModuleManager: Shutting down and abandoning module Analytics (136)
[2016.06.17-19.57.46:536][335]LogModuleManager: Shutting down and abandoning module PortalServices (135)
[2016.06.17-19.57.46:536][335]LogModuleManager: Shutting down and abandoning module PortalRpc (134)
[2016.06.17-19.57.46:536][335]LogModuleManager: Shutting down and abandoning module MessagingRpc (133)
[2016.06.17-19.57.46:536][335]LogModuleManager: Shutting down and abandoning module GameplayDebugger (132)
[2016.06.17-19.57.46:585][335]LogModuleManager: Shutting down and abandoning module AITestSuite (131)
[2016.06.17-19.57.46:606][335]LogModuleManager: Shutting down and abandoning module AIModule (130)
[2016.06.17-19.57.46:649][335]LogModuleManager: Shutting down and abandoning module ProfilerService (129)
[2016.06.17-19.57.46:831][335]LogModuleManager: Shutting down and abandoning module TaskGraph (128)
[2016.06.17-19.57.46:979][335]LogModuleManager: Shutting down and abandoning module SlateRemote (127)
[2016.06.17-19.57.46:979][335]LogModuleManager: Shutting down and abandoning module SteamVRController (126)
[2016.06.17-19.57.46:979][335]LogModuleManager: Shutting down and abandoning module SteamVR (125)
[2016.06.17-19.57.46:979][335]LogModuleManager: Shutting down and abandoning module ProceduralMeshComponent (124)
[2016.06.17-19.57.46:979][335]LogModuleManager: Shutting down and abandoning module OculusLibrary (123)
[2016.06.17-19.57.46:979][335]LogModuleManager: Shutting down and abandoning module OculusInput (122)
[2016.06.17-19.57.46:979][335]LogModuleManager: Shutting down and abandoning module CustomMeshComponent (121)
[2016.06.17-19.57.47:016][335]LogModuleManager: Shutting down and abandoning module CableComponent (120)
[2016.06.17-19.57.47:016][335]LogModuleManager: Shutting down and abandoning module ArchVisCharacter (119)
[2016.06.17-19.57.47:016][335]LogModuleManager: Shutting down and abandoning module MediaPlayerEditor (118)
[2016.06.17-19.57.47:151][335]LogModuleManager: Shutting down and abandoning module HTML5Networking (117)
[2016.06.17-19.57.47:151][335]LogModuleManager: Shutting down and abandoning module SuperSearch (116)
[2016.06.17-19.57.47:151][335]LogModuleManager: Shutting down and abandoning module SuperSearchEditor (115)
[2016.06.17-19.57.47:151][335]LogModuleManager: Shutting down and abandoning module SpeedTreeImporter (114)
[2016.06.17-19.57.47:151][335]LogModuleManager: Shutting down and abandoning module PluginBrowser (113)
[2016.06.17-19.57.47:304][335]LogModuleManager: Shutting down and abandoning module EpicSurvey (112)
[2016.06.17-19.57.47:305][335]LogModuleManager: Shutting down and abandoning module DesktopPlatform (111)
[2016.06.17-19.57.47:305][335]LogModuleManager: Shutting down and abandoning module VisualStudioSourceCodeAccess (110)
[2016.06.17-19.57.47:305][335]LogModuleManager: Shutting down and abandoning module UObjectPlugin (109)
[2016.06.17-19.57.47:305][335]LogModuleManager: Shutting down and abandoning module SubversionSourceControl (108)
[2016.06.17-19.57.47:358][335]LogModuleManager: Shutting down and abandoning module PerforceSourceControl (107)
[2016.06.17-19.57.47:421][335]LogModuleManager: Shutting down and abandoning module SourceControl (106)
[2016.06.17-19.57.47:498][335]LogModuleManager: Shutting down and abandoning module GitSourceControl (105)
[2016.06.17-19.57.47:532][335]LogModuleManager: Shutting down and abandoning module LightPropagationVolumeEditor (104)
[2016.06.17-19.57.47:532][335]LogModuleManager: Shutting down and abandoning module PaperTiledImporter (103)
[2016.06.17-19.57.47:585][335]LogModuleManager: Shutting down and abandoning module PaperSpriteSheetImporter (102)
[2016.06.17-19.57.47:588][335]LogModuleManager: Shutting down and abandoning module MeshPaint (101)
[2016.06.17-19.57.47:618][335]LogModuleManager: Shutting down and abandoning module PixelInspectorModule (100)
[2016.06.17-19.57.47:680][335]LogModuleManager: Shutting down and abandoning module HotReload (99)
[2016.06.17-19.57.47:696][335]LogModuleManager: Shutting down and abandoning module MainFrame (98)
[2016.06.17-19.57.47:696][335]LogModuleManager: Shutting down and abandoning module LevelEditor (97)
[2016.06.17-19.57.47:744][335]LogModuleManager: Shutting down and abandoning module ContentBrowser (96)
[2016.06.17-19.57.47:745][335]LogModuleManager: Shutting down and abandoning module Paper2DEditor (95)
[2016.06.17-19.57.47:908][335]LogModuleManager: Shutting down and abandoning module UdpMessaging (94)
[2016.06.17-19.57.48:009][335]LogModuleManager: Shutting down and abandoning module LightPropagationVolumeRuntime (93)
[2016.06.17-19.57.48:009][335]LogModuleManager: Shutting down and abandoning module Paper2D (92)
[2016.06.17-19.57.48:036][335]LogModuleManager: Shutting down and abandoning module WindowsMoviePlayer (91)
[2016.06.17-19.57.48:036][335]LogModuleManager: Shutting down and abandoning module Media (90)
[2016.06.17-19.57.48:036][335]LogModuleManager: Shutting down and abandoning module WmfMedia (89)
[2016.06.17-19.57.48:053][335]LogModuleManager: Shutting down and abandoning module MediaAssets (88)
[2016.06.17-19.57.48:053][335]LogModuleManager: Shutting down and abandoning module GameLiveStreaming (87)
[2016.06.17-19.57.48:054][335]LogModuleManager: Shutting down and abandoning module GameplayTagsEditor (86)
[2016.06.17-19.57.48:054][335]LogModuleManager: Shutting down and abandoning module OnlineBlueprintSupport (85)
[2016.06.17-19.57.48:054][335]LogModuleManager: Shutting down and abandoning module VREditor (84)
[2016.06.17-19.57.48:086][335]LogModuleManager: Shutting down and abandoning module GameplayTasksEditor (83)
[2016.06.17-19.57.48:086][335]LogModuleManager: Shutting down and abandoning module PropertyEditor (82)
[2016.06.17-19.57.48:086][335]LogModuleManager: Shutting down and abandoning module BehaviorTreeEditor (81)
[2016.06.17-19.57.48:220][335]LogModuleManager: Shutting down and abandoning module FunctionalTesting (80)
[2016.06.17-19.57.48:237][335]LogModuleManager: Shutting down and abandoning module CollisionAnalyzer (79)
[2016.06.17-19.57.48:514][335]LogModuleManager: Shutting down and abandoning module Sequencer (78)
[2016.06.17-19.57.49:218][335]LogModuleManager: Shutting down and abandoning module WorkspaceMenuStructure (77)
[2016.06.17-19.57.49:218][335]LogModuleManager: Shutting down and abandoning module MessageLog (76)
[2016.06.17-19.57.49:218][335]LogModuleManager: Shutting down and abandoning module AssetTools (75)
[2016.06.17-19.57.49:456][335]LogModuleManager: Shutting down and abandoning module UMGEditor (74)
[2016.06.17-19.57.49:568][335]LogModuleManager: Shutting down and abandoning module UMG (73)
[2016.06.17-19.57.49:877][335]LogModuleManager: Shutting down and abandoning module SlateReflector (72)
[2016.06.17-19.57.50:057][335]LogModuleManager: Shutting down and abandoning module Slate (71)
[2016.06.17-19.57.50:057][335]LogModuleManager: Shutting down and abandoning module EditorStyle (70)
[2016.06.17-19.57.50:059][335]LogModuleManager: Shutting down and abandoning module SourceCodeAccess (69)
[2016.06.17-19.57.50:059][335]LogModuleManager: Shutting down and abandoning module HeadMountedDisplay (68)
[2016.06.17-19.57.50:059][335]LogModuleManager: Shutting down and abandoning module XAudio2 (67)
[2016.06.17-19.57.50:059][335]LogModuleManager: Shutting down and abandoning module Networking (65)
[2016.06.17-19.57.50:059][335]LogModuleManager: Shutting down and abandoning module Core (64)
[2016.06.17-19.57.50:059][335]LogModuleManager: Shutting down and abandoning module DirectoryWatcher (63)
[2016.06.17-19.57.50:059][335]LogModuleManager: Shutting down and abandoning module AssetRegistry (62)
[2016.06.17-19.57.52:673][335]LogModuleManager: Shutting down and abandoning module KismetCompiler (61)
[2016.06.17-19.57.52:673][335]LogModuleManager: Shutting down and abandoning module PhysXFormats (60)
[2016.06.17-19.57.52:673][335]LogModuleManager: Shutting down and abandoning module MeshUtilities (59)
[2016.06.17-19.57.53:112][335]LogModuleManager: Shutting down and abandoning module DerivedDataCache (58)
[2016.06.17-19.57.53:180][335]LogDerivedDataCache: Shutdown
[2016.06.17-19.57.53:180][335]LogModuleManager: Shutting down and abandoning module VulkanShaderFormat (57)
[2016.06.17-19.57.53:217][335]LogModuleManager: Shutting down and abandoning module ShaderFormatOpenGL (56)
[2016.06.17-19.57.53:263][335]LogModuleManager: Shutting down and abandoning module ShaderFormatD3D (55)
[2016.06.17-19.57.53:263][335]LogModuleManager: Shutting down and abandoning module MetalShaderFormat (54)
[2016.06.17-19.57.53:448][335]LogModuleManager: Shutting down and abandoning module TextureFormatUncompressed (53)
[2016.06.17-19.57.53:448][335]LogModuleManager: Shutting down and abandoning module TextureFormatPVR (52)
[2016.06.17-19.57.53:448][335]LogModuleManager: Shutting down and abandoning module TextureFormatIntelISPCTexComp (51)
[2016.06.17-19.57.53:448][335]LogModuleManager: Shutting down and abandoning module TextureFormatDXT (50)
[2016.06.17-19.57.53:448][335]LogModuleManager: Shutting down and abandoning module ImageWrapper (49)
[2016.06.17-19.57.53:448][335]LogModuleManager: Shutting down and abandoning module TextureFormatASTC (48)
[2016.06.17-19.57.53:448][335]LogModuleManager: Shutting down and abandoning module TextureFormatAndroid (47)
[2016.06.17-19.57.53:448][335]LogModuleManager: Shutting down and abandoning module AudioFormatOpus (46)
[2016.06.17-19.57.53:479][335]LogModuleManager: Shutting down and abandoning module AudioFormatOgg (45)
[2016.06.17-19.57.53:479][335]LogModuleManager: Shutting down and abandoning module AudioFormatADPCM (44)
[2016.06.17-19.57.53:479][335]LogModuleManager: Shutting down and abandoning module LinuxTargetPlatform (43)
[2016.06.17-19.57.53:479][335]LogModuleManager: Shutting down and abandoning module LinuxServerTargetPlatform (42)
[2016.06.17-19.57.53:479][335]LogModuleManager: Shutting down and abandoning module LinuxNoEditorTargetPlatform (41)
[2016.06.17-19.57.53:479][335]LogModuleManager: Shutting down and abandoning module TVOSTargetPlatform (40)
[2016.06.17-19.57.53:479][335]LogModuleManager: Shutting down and abandoning module Messaging (39)
[2016.06.17-19.57.53:479][335]LogModuleManager: Shutting down and abandoning module IOSTargetPlatform (38)
[2016.06.17-19.57.53:479][335]LogModuleManager: Shutting down and abandoning module HTML5TargetPlatform (37)
[2016.06.17-19.57.53:479][335]LogModuleManager: Shutting down and abandoning module Android_PVRTCTargetPlatform (36)
[2016.06.17-19.57.53:479][335]LogModuleManager: Shutting down and abandoning module Android_MultiTargetPlatform (35)
[2016.06.17-19.57.53:511][335]LogModuleManager: Shutting down and abandoning module Android_ETC2TargetPlatform (34)
[2016.06.17-19.57.53:511][335]LogModuleManager: Shutting down and abandoning module Android_ETC1TargetPlatform (33)
[2016.06.17-19.57.53:511][335]LogModuleManager: Shutting down and abandoning module Android_DXTTargetPlatform (32)
[2016.06.17-19.57.53:511][335]LogModuleManager: Shutting down and abandoning module Android_ATCTargetPlatform (31)
[2016.06.17-19.57.53:511][335]LogModuleManager: Shutting down and abandoning module Android_ASTCTargetPlatform (30)
[2016.06.17-19.57.53:511][335]LogModuleManager: Shutting down and abandoning module AndroidTargetPlatform (29)
[2016.06.17-19.57.53:511][335]LogModuleManager: Shutting down and abandoning module WindowsTargetPlatform (28)
[2016.06.17-19.57.53:511][335]LogModuleManager: Shutting down and abandoning module WindowsServerTargetPlatform (27)
[2016.06.17-19.57.53:511][335]LogModuleManager: Shutting down and abandoning module WindowsNoEditorTargetPlatform (26)
[2016.06.17-19.57.53:511][335]LogModuleManager: Shutting down and abandoning module WindowsClientTargetPlatform (25)
[2016.06.17-19.57.53:511][335]LogModuleManager: Shutting down and abandoning module AllDesktopTargetPlatform (24)
[2016.06.17-19.57.53:511][335]LogModuleManager: Shutting down and abandoning module TargetPlatform (23)
[2016.06.17-19.57.53:554][335]LogModuleManager: Shutting down and abandoning module InputCore (22)
[2016.06.17-19.57.53:554][335]LogModuleManager: Shutting down and abandoning module Settings (21)
[2016.06.17-19.57.53:554][335]LogModuleManager: Shutting down and abandoning module OnlineSubsystem (19)
[2016.06.17-19.57.53:595][335]LogModuleManager: Shutting down and abandoning module HTTP (18)
[2016.06.17-19.57.55:097][335]LogModuleManager: Shutting down and abandoning module XMPP (17)
[2016.06.17-19.57.55:589][335]LogModuleManager: Shutting down and abandoning module OculusRift (16)
[2016.06.17-19.57.55:610][335]LogModuleManager: Shutting down and abandoning module ExampleDeviceProfileSelector (15)
[2016.06.17-19.57.55:610][335]LogModuleManager: Shutting down and abandoning module TextureCompressor (14)
[2016.06.17-19.57.55:610][335]LogModuleManager: Shutting down and abandoning module ShaderCore (13)
[2016.06.17-19.57.55:610][335]LogModuleManager: Shutting down and abandoning module Landscape (12)
[2016.06.17-19.57.55:610][335]LogModuleManager: Shutting down and abandoning module SlateRHIRenderer (11)
[2016.06.17-19.57.56:219][335]LogModuleManager: Shutting down and abandoning module OpenGLDrv (10)
[2016.06.17-19.57.56:260][335]LogModuleManager: Shutting down and abandoning module D3D11RHI (9)
[2016.06.17-19.57.56:260][335]LogModuleManager: Shutting down and abandoning module AnimGraphRuntime (8)
[2016.06.17-19.57.56:282][335]LogModuleManager: Shutting down and abandoning module Renderer (7)
[2016.06.17-19.57.56:282][335]LogModuleManager: Shutting down and abandoning module Engine (6)
[2016.06.17-19.57.56:283][335]LogModuleManager: Shutting down and abandoning module CoreUObject (5)
[2016.06.17-19.57.56:283][335]LogModuleManager: Shutting down and abandoning module NetworkFile (4)
[2016.06.17-19.57.56:349][335]LogModuleManager: Shutting down and abandoning module StreamingFile (3)
[2016.06.17-19.57.56:349][335]LogModuleManager: Shutting down and abandoning module SandboxFile (2)
[2016.06.17-19.57.56:547][335]LogModuleManager: Shutting down and abandoning module PakFile (1)
[2016.06.17-19.57.56:596][335]LogExit: Exiting.
[2016.06.17-19.57.56:621][335]Log file closed, 06/17/16 20:57:56
