Log file open, 06/17/16 20:57:29
LogInit:Display: Running engine for game: Twin_Stick_Shooter
LogPlatformFile: Not using cached read wrapper
LogInit:Display: RandInit(181779842) SRandInit(181779843).
LogTaskGraph: Started task graph with 4 named threads and 7 total threads with 1 sets of task threads.
LogStats: Stats thread started at 0.065711
LogInit: Version: 4.12.3-3013449+++UE4+Release-4.12
LogInit: API Version: 2992821
LogInit: Net Version: 3013449
LogDevObjectVersion: Number of dev versions registered: 13
LogDevObjectVersion:   Dev-Blueprints (B0D832E4-1F89-4F0D-ACCF-7EB736FD4AA2): 3
LogDevObjectVersion:   Dev-Build (E1C64328-A22C-4D53-A36C-8E866417BD8C): 0
LogDevObjectVersion:   Dev-Core (375EC13C-06E4-48FB-B500-84F0262A717E): 1
LogDevObjectVersion:   Dev-Editor (E4B068ED-F494-42E9-A231-DA0B2E46BB41): 2
LogDevObjectVersion:   Dev-Framework (CFFC743F-43B0-4480-9391-14DF171D2073): 6
LogDevObjectVersion:   Dev-Mobile (B02B49B5-BB20-44E9-A304-32B752E40360): 0
LogDevObjectVersion:   Dev-Networking (A4E4105C-59A1-49B5-A7C5-40C4547EDFEE): 0
LogDevObjectVersion:   Dev-Online (39C831C9-5AE6-47DC-9A44-9C173E1C8E7C): 0
LogDevObjectVersion:   Dev-Physics (78F01B33-EBEA-4F98-B9B4-84EACCB95AA2): 0
LogDevObjectVersion:   Dev-Platform (6631380F-2D4D-43E0-8009-CF276956A95A): 0
LogDevObjectVersion:   Dev-Rendering (12F88B9F-8875-4AFC-A67C-D90C383ABD29): 2
LogDevObjectVersion:   Dev-Sequencer (7B5AE74C-D270-4C10-A958-57980B212A5A): 0
LogDevObjectVersion:   Dev-VR (D7296918-1DD6-4BDD-9DE2-64A83CC13884): 0
LogInit: Compiled (64-bit): Jun 14 2016 17:53:16
LogInit: Compiled with Visual C++: 19.00.23026.00
LogInit: Build Configuration: Development
LogInit: Branch Name: ++UE4+Release-4.12
LogInit: Command line:  
LogInit: Base directory: E:/Programs/Epic Games/4.12/Engine/Binaries/Win64/
LogInit: Installed Engine Build: 1
LogInit: Using libcurl 7.41.0
LogInit:  - built for x86_64-pc-win32
LogInit:  - supports SSL with WinSSL
LogInit:  - other features:
LogInit:      CURL_VERSION_SSL
LogInit:      CURL_VERSION_IPV6
LogInit:      CURL_VERSION_ASYNCHDNS
LogInit:      CURL_VERSION_LARGEFILE
LogInit:      CURL_VERSION_IDN
LogInit:  CurlRequestOptions (configurable via config and command line):
LogInit:  - bVerifyPeer = true  - Libcurl will verify peer certificate
LogInit:  - bUseHttpProxy = false  - Libcurl will NOT use HTTP proxy
LogInit:  - bDontReuseConnections = false  - Libcurl will reuse connections
LogInit:  - CertBundlePath = nullptr  - Libcurl will use whatever was configured at build time.
LogInit: Presizing for max 8388607 objects, including 0 objects not considered by GC, pre-allocating 0 bytes for permanent pool.
LogInit: Object subsystem initialized
[2016.06.17-19.57.29:659][  0]LogInit: Selected Device Profile: [Windows]
[2016.06.17-19.57.29:659][  0]LogInit: Applying CVar settings loaded from the selected device profile: [Windows]
[2016.06.17-19.57.30:214][  0]LogInit: Computer: DESKTOP-7SFO1BP
[2016.06.17-19.57.30:214][  0]LogInit: User: alex
[2016.06.17-19.57.30:214][  0]LogInit: CPU Page size=65536, Cores=4
[2016.06.17-19.57.30:214][  0]LogInit: High frequency timer resolution =3.417966 MHz
[2016.06.17-19.57.30:214][  0]LogMemory: Memory total: Physical=15.9GB (16GB approx)
[2016.06.17-19.57.30:214][  0]LogMemory: Platform Memory Stats for Windows
[2016.06.17-19.57.30:214][  0]LogMemory: Process Physical Memory: 189.41 MB used, 189.41 MB peak
[2016.06.17-19.57.30:214][  0]LogMemory: Process Virtual Memory: 195.08 MB used, 195.08 MB peak
[2016.06.17-19.57.30:214][  0]LogMemory: Physical Memory: 5543.12 MB used, 16241.91 MB total
[2016.06.17-19.57.30:214][  0]LogMemory: Virtual Memory: 553.59 MB used, 134217728.00 MB total
[2016.06.17-19.57.30:244][  0]LogTextLocalizationManager: No specific translations for ('en-GB') exist, so ('en') translations will be used.
[2016.06.17-19.57.30:562][  0]LogD3D11RHI: D3D11 adapters:
[2016.06.17-19.57.30:595][  0]LogD3D11RHI:    0. 'NVIDIA GeForce GTX 970' (Feature Level 11_0)
[2016.06.17-19.57.30:595][  0]LogD3D11RHI:       4007/0/8120 MB DedicatedVideo/DedicatedSystem/SharedSystem, Outputs:1, VendorId:0x10de
[2016.06.17-19.57.30:606][  0]LogD3D11RHI:    1. 'Intel(R) HD Graphics 4600' (Feature Level 11_0)
[2016.06.17-19.57.30:606][  0]LogD3D11RHI:       112/0/8120 MB DedicatedVideo/DedicatedSystem/SharedSystem, Outputs:0, VendorId:0x8086
[2016.06.17-19.57.30:609][  0]LogD3D11RHI:    2. 'Microsoft Basic Render Driver' (Feature Level 11_0)
[2016.06.17-19.57.30:609][  0]LogD3D11RHI:       0/0/8120 MB DedicatedVideo/DedicatedSystem/SharedSystem, Outputs:0, VendorId:0x1414
[2016.06.17-19.57.30:609][  0]LogD3D11RHI: Chosen D3D11 Adapter: 0
[2016.06.17-19.57.30:614][  0]LogD3D11RHI: Creating new Direct3DDevice
[2016.06.17-19.57.30:614][  0]LogD3D11RHI:     GPU DeviceId: 0x13c2 (for the marketing name, search the web for "GPU Device Id")
[2016.06.17-19.57.30:614][  0]LogWindows: EnumDisplayDevices:
[2016.06.17-19.57.30:614][  0]LogWindows:    0. 'NVIDIA GeForce GTX 970' (P:1 D:1)
[2016.06.17-19.57.30:614][  0]LogWindows:    1. 'NVIDIA GeForce GTX 970' (P:0 D:0)
[2016.06.17-19.57.30:614][  0]LogWindows:    2. 'NVIDIA GeForce GTX 970' (P:0 D:0)
[2016.06.17-19.57.30:614][  0]LogWindows:    3. 'NVIDIA GeForce GTX 970' (P:0 D:0)
[2016.06.17-19.57.30:615][  0]LogWindows:    4. 'Intel(R) HD Graphics 4600' (P:0 D:0)
[2016.06.17-19.57.30:615][  0]LogWindows:    5. 'Intel(R) HD Graphics 4600' (P:0 D:0)
[2016.06.17-19.57.30:615][  0]LogWindows:    6. 'Intel(R) HD Graphics 4600' (P:0 D:0)
[2016.06.17-19.57.30:615][  0]LogWindows: DebugString: PrimaryIsNotTheChoosenAdapter PrimaryIsNotTheChoosenAdapter PrimaryIsNotTheChoosenAdapter FoundDriverCount:4 
[2016.06.17-19.57.30:615][  0]LogD3D11RHI:     Adapter Name: NVIDIA GeForce GTX 970
[2016.06.17-19.57.30:615][  0]LogD3D11RHI:   Driver Version: 368.39 (internal:10.18.13.6839, unified:368.39)
[2016.06.17-19.57.30:615][  0]LogD3D11RHI:      Driver Date: 6-2-2016
[2016.06.17-19.57.30:615][  0]LogRHI: Texture pool is 1361 MB (70% of 1945 MB)
[2016.06.17-19.57.30:628][  0]LogD3D11RHI: Async texture creation enabled
[2016.06.17-19.57.30:639][  0]LogD3D11RHI: GPU Timing Frequency: 1000.000000 (Debug: 2 1)
[2016.06.17-19.57.30:640][  0]LogShaderCompilers: Guid format shader working directory is -32 characters bigger than the processId version (../../../../../../Unreal Engine Projects/Twin-Stick-Shooter/Twin_Stick_Shooter/Intermediate/Shaders/WorkingDirectory/2152/).
[2016.06.17-19.57.30:640][  0]LogShaderCompilers: Cleaned the shader compiler working directory 'C:/Users/alexo/AppData/Local/Temp/UnrealShaderWorkingDir/9A353C84410D259355EB138322C6719E/'.
[2016.06.17-19.57.30:640][  0]LogShaderCompilers:Display: Using Local Shader Compiler.
[2016.06.17-19.57.31:614][  0]LogTemp:Display: Loaded TP AllDesktopTargetPlatform
[2016.06.17-19.57.31:621][  0]LogTemp:Display: Loaded TP WindowsClientTargetPlatform
[2016.06.17-19.57.31:629][  0]LogTemp:Display: Loaded TP WindowsNoEditorTargetPlatform
[2016.06.17-19.57.31:636][  0]LogTemp:Display: Loaded TP WindowsServerTargetPlatform
[2016.06.17-19.57.31:644][  0]LogTemp:Display: Loaded TP WindowsTargetPlatform
[2016.06.17-19.57.31:650][  0]LogTemp:Display: Loaded TP AndroidTargetPlatform
[2016.06.17-19.57.31:657][  0]LogTemp:Display: Loaded TP Android_ASTCTargetPlatform
[2016.06.17-19.57.31:664][  0]LogTemp:Display: Loaded TP Android_ATCTargetPlatform
[2016.06.17-19.57.31:671][  0]LogTemp:Display: Loaded TP Android_DXTTargetPlatform
[2016.06.17-19.57.31:677][  0]LogTemp:Display: Loaded TP Android_ETC1TargetPlatform
[2016.06.17-19.57.31:685][  0]LogTemp:Display: Loaded TP Android_ETC2TargetPlatform
[2016.06.17-19.57.31:698][  0]LogTemp:Display: Loaded TP Android_MultiTargetPlatform
[2016.06.17-19.57.31:698][  0]LogTemp:Display: Loaded TP Android_PVRTCTargetPlatform
[2016.06.17-19.57.31:698][  0]LogTemp:Display: Loaded TP HTML5TargetPlatform
[2016.06.17-19.57.31:717][  0]LogTemp:Display: Loaded TP IOSTargetPlatform
[2016.06.17-19.57.31:723][  0]LogTemp:Display: Loaded TP TVOSTargetPlatform
[2016.06.17-19.57.31:730][  0]LogTemp:Display: Loaded TP LinuxNoEditorTargetPlatform
[2016.06.17-19.57.31:736][  0]LogTemp:Display: Loaded TP LinuxServerTargetPlatform
[2016.06.17-19.57.31:743][  0]LogTemp:Display: Loaded TP LinuxTargetPlatform
[2016.06.17-19.57.31:743][  0]LogTargetPlatformManager:Display: Building Assets For Windows
[2016.06.17-19.57.31:786][  0]LogDerivedDataCache:Display: Max Cache Size: 512 MB
[2016.06.17-19.57.31:851][  0]LogDerivedDataCache: Loaded boot cache 0.07s 48MB C:/Users/alexo/AppData/Local/UnrealEngine/4.12/DerivedDataCache/Boot.ddc.
[2016.06.17-19.57.31:851][  0]LogDerivedDataCache:Display: Loaded Boot cache: C:/Users/alexo/AppData/Local/UnrealEngine/4.12/DerivedDataCache/Boot.ddc
[2016.06.17-19.57.31:851][  0]LogDerivedDataCache: FDerivedDataBackendGraph:  Pak pak cache file ../../../../../../Unreal Engine Projects/Twin-Stick-Shooter/Twin_Stick_Shooter/DerivedDataCache/DDC.ddp not found, will not use a pak cache.
[2016.06.17-19.57.31:851][  0]LogDerivedDataCache: Unable to find inner node Pak for hierarchical cache Hierarchy.
[2016.06.17-19.57.31:851][  0]LogDerivedDataCache: FDerivedDataBackendGraph:  CompressedPak pak cache file ../../../../../../Unreal Engine Projects/Twin-Stick-Shooter/Twin_Stick_Shooter/DerivedDataCache/Compressed.ddp not found, will not use a pak cache.
[2016.06.17-19.57.31:851][  0]LogDerivedDataCache: Unable to find inner node CompressedPak for hierarchical cache Hierarchy.
[2016.06.17-19.57.31:866][  0]LogDerivedDataCache:Display: Pak cache opened for reading ../../../Engine/DerivedDataCache/Compressed.ddp.
[2016.06.17-19.57.31:879][  0]LogDerivedDataCache: Using Local data cache path C:/Users/alexo/AppData/Local/UnrealEngine/Common/DerivedDataCache: Writable
[2016.06.17-19.57.32:037][  0]LogInit: Selected Device Profile: [Windows]
[2016.06.17-19.57.32:038][  0]LogContentStreaming: Texture pool size is 0.00 MB
[2016.06.17-19.57.33:575][  0]LogMeshUtilities: No automatic mesh reduction module available
[2016.06.17-19.57.33:575][  0]LogMeshUtilities: No automatic mesh merging module available
[2016.06.17-19.57.33:575][  0]LogMeshUtilities: No distributed automatic mesh merging module available
[2016.06.17-19.57.33:872][  0]LogAssetRegistry: FAssetRegistry took 0.0224 seconds to start up
[2016.06.17-19.57.36:436][  0]LogPackageLocalizationCache: Processed 3 localized package path(s) for 2 prioritized culture(s) in 2.563091 seconds
[2016.06.17-19.57.36:441][  0]LogUObjectArray: 28739 objects as part of root set at end of initial load.
[2016.06.17-19.57.36:441][  0]LogUObjectAllocator: 5855632 out of 0 bytes used by permanent object pool.
[2016.06.17-19.57.36:441][  0]LogUObjectArray: CloseDisregardForGC: 0/0 objects in disregard for GC pool
[2016.06.17-19.57.36:444][  0]LogInit: WinSock: version 1.1 (2.2), MaxSocks=32767, MaxUdp=65467
[2016.06.17-19.57.36:553][  0]LogSlate: SlateFontCache - WITH_FREETYPE: 1, WITH_HARFBUZZ: 1
[2016.06.17-19.57.36:553][  0]LogSlate: SlateFontCache - WITH_FREETYPE: 1, WITH_HARFBUZZ: 1
[2016.06.17-19.57.37:043][  0]LogUdpMessaging: Initializing bridge on interface 0.0.0.0:0 to multicast group 230.0.0.1:6666.
[2016.06.17-19.57.39:407][  0]SourceControl: Info Source control is disabled
[2016.06.17-19.57.39:409][  0]SourceControl: Info Source control is disabled
[2016.06.17-19.57.39:426][  0]SourceControl: Info Source control is disabled
[2016.06.17-19.57.39:438][  0]SourceControl: Info Source control is disabled
[2016.06.17-19.57.39:559][  0]LogEngine: Initializing Engine...
[2016.06.17-19.57.39:560][  0]LogHMD: SteamVR failed to initialize.  Err: 110
[2016.06.17-19.57.39:560][  0]LogHMD: SteamVR failed to initialize.  Err: 110
[2016.06.17-19.57.39:671][  0]LogAIModule: Creating AISystem for world NewWorld
[2016.06.17-19.57.39:679][  0]LogInit: XAudio2 using 'Speakers (USB Audio Device)' : 2 channels at 44.1 kHz using 16 bits per sample (channel mask 0x3)
[2016.06.17-19.57.39:692][  0]LogInit: FAudioDevice initialized.
[2016.06.17-19.57.39:718][  0]LogDerivedDataCache: Saved boot cache 0.03s 48MB C:/Users/alexo/AppData/Local/UnrealEngine/4.12/DerivedDataCache/Boot.ddc.
[2016.06.17-19.57.39:725][  0]LogInit: Texture streaming: Enabled
[2016.06.17-19.57.39:760][  0]LogInit: Transaction tracking system initialized
[2016.06.17-19.57.39:778][  0]BlueprintLog: New page: Editor Load
[2016.06.17-19.57.40:406][  0]LocalizationService: Info Localization service is disabled
[2016.06.17-19.57.40:442][  0]LogConsoleResponse:Display: 
[2016.06.17-19.57.40:518][  0]LogCook:Display: Max memory allowance for cook 8192mb
[2016.06.17-19.57.40:518][  0]LogCook:Display: Mobile HDR setting 1
[2016.06.17-19.57.40:588][  0]LogFileCache: Scanning file cache for directory 'E:/Unreal Engine Projects/Twin-Stick-Shooter/Twin_Stick_Shooter/Content/' took 0.01s
[2016.06.17-19.57.40:588][  0]SourceControl: Info Source control is disabled
[2016.06.17-19.57.40:588][  0]Cmd: MAP LOAD FILE="../../../../../../Unreal Engine Projects/Twin-Stick-Shooter/Twin_Stick_Shooter/Content/StarterContent/Maps/Minimal_Default.umap" TEMPLATE=0 SHOWPROGRESS=1 FEATURELEVEL=3
[2016.06.17-19.57.40:588][  0]LightingResults: New page: Lighting Build
[2016.06.17-19.57.40:590][  0]MapCheck: New page: Map Check
[2016.06.17-19.57.40:590][  0]LightingResults: New page: Lighting Build
[2016.06.17-19.57.41:294][  0]LogAIModule: Creating AISystem for world Minimal_Default
[2016.06.17-19.57.41:299][  0]LogEditorServer: Finished looking for orphan Actors (0.000 secs)
[2016.06.17-19.57.41:299][  0]Cmd: MAP CHECKDEP NOCLEARLOG
[2016.06.17-19.57.41:326][  0]MapCheck: Info Map check complete: 0 Error(s), 0 Warning(s), took 26.838ms to complete.
[2016.06.17-19.57.41:326][  0]LogFileHelpers: Loading map 'Minimal_Default' took 0.739
[2016.06.17-19.57.41:426][  0]LogCollectionManager: Loaded 0 collections in 0.000695 seconds
[2016.06.17-19.57.41:462][  0]LogFileCache: Scanning file cache for directory 'E:/Unreal Engine Projects/Twin-Stick-Shooter/Twin_Stick_Shooter/Saved/Collections/' took 0.01s
[2016.06.17-19.57.41:462][  0]LogFileCache: Scanning file cache for directory 'E:/Unreal Engine Projects/Twin-Stick-Shooter/Twin_Stick_Shooter/Content/Developers/alex/Collections/' took 0.01s
[2016.06.17-19.57.41:462][  0]LogFileCache: Scanning file cache for directory 'E:/Unreal Engine Projects/Twin-Stick-Shooter/Twin_Stick_Shooter/Content/Collections/' took 0.01s
[2016.06.17-19.57.41:462][  0]LogCollectionManager: Rebuilt the GUID cache for 0 collections in 0.000002 seconds
[2016.06.17-19.57.41:469][  0]LogContentBrowser: Native class hierarchy populated in 0.0071 seconds. Added 2048 classes and 371 folders.
[2016.06.17-19.57.41:472][  0]LogStats: UGameplayTagsManager::ConstructGameplayTagTree: Construct from data asset -  0.000 s
[2016.06.17-19.57.41:472][  0]LogStats: UGameplayTagsManager::ConstructGameplayTagTree: GameplayTagTreeChangedEvent.Broadcast -  0.000 s
[2016.06.17-19.57.41:473][  0]LogContentBrowser: Native class hierarchy updated for 'GameplayTags' in 0.0008 seconds. Added 12 classes and 0 folders.
[2016.06.17-19.57.41:476][  0]LogContentBrowser: Native class hierarchy updated for 'WidgetCarousel' in 0.0008 seconds. Added 0 classes and 0 folders.
[2016.06.17-19.57.41:507][  0]LogContentBrowser: Native class hierarchy updated for 'AddContentDialog' in 0.0008 seconds. Added 0 classes and 0 folders.
[2016.06.17-19.57.41:510][  0]LogContentBrowser: Native class hierarchy updated for 'SceneOutliner' in 0.0007 seconds. Added 1 classes and 2 folders.
[2016.06.17-19.57.41:520][  0]LogCrashTracker: Crashtracker disabled due to settings.
[2016.06.17-19.57.41:523][  0]LogUObjectGlobals:Warning: Failed to find object 'Class None.'
[2016.06.17-19.57.41:548][  0]LogContentBrowser: Native class hierarchy updated for 'HierarchicalLODOutliner' in 0.0008 seconds. Added 1 classes and 2 folders.
[2016.06.17-19.57.41:548][  0]LogLoad: Full Startup: 16.30 seconds (BP compile: 0.02 seconds)
[2016.06.17-19.57.41:548][  0]LogExternalProfiler: Found external profiler: VSPerf
[2016.06.17-19.57.41:548][  0]LogExternalProfiler: Using external profiler: VSPerf
[2016.06.17-19.57.41:557][  0]LogOcInput: OculusInput pre-init called
[2016.06.17-19.57.41:575][  0]LogContentStreaming: Texture pool size now 1000 MB
[2016.06.17-19.57.41:704][  0]LogRenderer: Reallocating scene render targets to support 1172x556 (Frame:2).
[2016.06.17-19.57.41:763][  1]LogAssetRegistry: Asset discovery search completed in 7.9133 seconds
[2016.06.17-19.57.41:763][  1]LogCollectionManager: Rebuilt the object cache for 0 collections in 0.000001 seconds (found 0 objects)
[2016.06.17-19.57.41:763][  1]LogCollectionManager: Fixed up redirectors for 0 collections in 0.000017 seconds (updated 0 objects)
[2016.06.17-19.58.03:701][602]LogAIModule: Creating AISystem for world ArenaMap
[2016.06.17-19.58.03:831][602]Cmd: MAP LOAD FILE="../../../../../../Unreal Engine Projects/Twin-Stick-Shooter/Twin_Stick_Shooter/Content/Maps/ArenaMap.umap" TEMPLATE=0 SHOWPROGRESS=1 FEATURELEVEL=3
[2016.06.17-19.58.03:831][602]LightingResults: New page: Lighting Build
[2016.06.17-19.58.03:831][602]LoadErrors: New page: Loading map: ArenaMap.umap
[2016.06.17-19.58.03:832][602]MapCheck: New page: Map Check
[2016.06.17-19.58.03:832][602]LightingResults: New page: Lighting Build
[2016.06.17-19.58.04:017][602]LogEditorServer: Finished looking for orphan Actors (0.000 secs)
[2016.06.17-19.58.04:082][602]Cmd: MAP CHECKDEP NOCLEARLOG
[2016.06.17-19.58.04:108][602]MapCheck: Info Map check complete: 0 Error(s), 0 Warning(s), took 26.595ms to complete.
[2016.06.17-19.58.04:108][602]LogFileHelpers: Loading map 'ArenaMap' took 0.330
[2016.06.17-19.59.14:560][243]LogContentBrowser: Native class hierarchy updated for 'BlueprintGraph' in 0.0012 seconds. Added 111 classes and 0 folders.
[2016.06.17-19.59.27:294][707]LogRenderer: Reallocating scene render targets to support 1172x900 (Frame:8992).
[2016.06.17-20.03.50:190][800]BlueprintLog: New page: Compile HeroCharacter
[2016.06.17-20.03.50:889][800]BlueprintEditorCompileResults: Info [0385.53] Compile of HeroCharacter successful! [in 593 ms] (/Game/Blueprints/HeroCharacter.HeroCharacter)
[2016.06.17-20.03.52:004][891]Cmd: OBJ SAVEPACKAGE PACKAGE="/Game/Blueprints/HeroCharacter" FILE="../../../../../../Unreal Engine Projects/Twin-Stick-Shooter/Twin_Stick_Shooter/Content/Blueprints/HeroCharacter.uasset" SILENT=true
[2016.06.17-20.03.53:075][891]LogSavePackage: Save=58.09ms
[2016.06.17-20.03.53:076][891]LogSavePackage: Moving '../../../../../../Unreal Engine Projects/Twin-Stick-Shooter/Twin_Stick_Shooter/Saved/HeroCharacter0EF364CC4AEBB8718BD8649A1B6B92A3.tmp' to '../../../../../../Unreal Engine Projects/Twin-Stick-Shooter/Twin_Stick_Shooter/Content/Blueprints/HeroCharacter.uasset'
[2016.06.17-20.03.53:683][891]LogSavePackage:Display: Finished SavePackage ../../../../../../Unreal Engine Projects/Twin-Stick-Shooter/Twin_Stick_Shooter/Content/Blueprints/HeroCharacter.uasset
[2016.06.17-20.04.51:753][271]LogEditorActor: Deleted Actor: HeroCharacter_C
[2016.06.17-20.04.51:785][271]LogEditorActor: Deleted 1 Actors (0.317 secs)
[2016.06.17-20.05.10:869][529]LogNavigationPoint: PostEditMove Clear paths rebuilt
[2016.06.17-20.05.11:917][637]LogNavigationPoint: PostEditMove Clear paths rebuilt
[2016.06.17-20.05.18:922][457]LogNavigationPoint: PostEditMove Clear paths rebuilt
[2016.06.17-20.05.26:006][299]LogNavigationPoint: PostEditMove Clear paths rebuilt
[2016.06.17-20.05.26:345][339]Cmd: TRANSACTION UNDO
[2016.06.17-20.05.26:345][339]LogEditorTransaction: Undo Move Actors
[2016.06.17-20.05.40:771][  9]LogNavigationPoint: PostEditMove Clear paths rebuilt
[2016.06.17-20.06.12:477][671]LogSlate:Warning: Prevented a slow task dialog from being summoned while a context menu was open
[2016.06.17-20.06.17:717][224]BlueprintLog: New page: Compile TwinStickMode
[2016.06.17-20.06.17:883][224]BlueprintEditorCompileResults: Info [0532.63] Compile of TwinStickMode successful! [in 165 ms] (/Game/Blueprints/TwinStickMode.TwinStickMode)
[2016.06.17-20.06.18:580][293]Cmd: OBJ SAVEPACKAGE PACKAGE="/Game/Blueprints/TwinStickMode" FILE="../../../../../../Unreal Engine Projects/Twin-Stick-Shooter/Twin_Stick_Shooter/Content/Blueprints/TwinStickMode.uasset" SILENT=true
[2016.06.17-20.06.19:435][293]LogSavePackage: Save=29.23ms
[2016.06.17-20.06.19:435][293]LogSavePackage: Moving '../../../../../../Unreal Engine Projects/Twin-Stick-Shooter/Twin_Stick_Shooter/Saved/TwinStickModeC36FDA8F4926F824AD1357B75039F915.tmp' to '../../../../../../Unreal Engine Projects/Twin-Stick-Shooter/Twin_Stick_Shooter/Content/Blueprints/TwinStickMode.uasset'
[2016.06.17-20.06.19:724][293]LogSavePackage:Display: Finished SavePackage ../../../../../../Unreal Engine Projects/Twin-Stick-Shooter/Twin_Stick_Shooter/Content/Blueprints/TwinStickMode.uasset
[2016.06.17-20.07.00:427][449]LogSlate:Warning: Prevented a slow task dialog from being summoned while a context menu was open
[2016.06.17-20.07.14:336][944]BlueprintLog: New page: Pre-Play auto-recompile
[2016.06.17-20.07.14:337][944]LogPlayLevel: [PlayLevel] Compiling HeroCharacter before play...
[2016.06.17-20.07.14:383][944]LogPlayLevel: PlayLevel: Blueprint regeneration took 47 ms (1 blueprints)
[2016.06.17-20.07.14:537][944]PIE: New page: PIE session: ArenaMap (17 Jun 2016 21:07:14)
[2016.06.17-20.07.14:577][944]LogPlayLevel: Creating play world package: /Game/Maps/UEDPIE_0_ArenaMap
[2016.06.17-20.07.14:655][944]LogPlayLevel: PIE: StaticDuplicateObject took: (0.077622s)
[2016.06.17-20.07.14:655][944]LogAIModule: Creating AISystem for world ArenaMap
[2016.06.17-20.07.14:655][944]LogPlayLevel: PIE: World Init took: (0.000540s)
[2016.06.17-20.07.14:920][944]LogPlayLevel: PIE: Created PIE world by copying editor world from /Game/Maps/ArenaMap.ArenaMap to /Game/Maps/UEDPIE_0_ArenaMap.ArenaMap (0.354237s)
[2016.06.17-20.07.14:989][944]LogInit: XAudio2 using 'Speakers (USB Audio Device)' : 2 channels at 44.1 kHz using 16 bits per sample (channel mask 0x3)
[2016.06.17-20.07.14:994][944]LogInit: FAudioDevice initialized.
[2016.06.17-20.07.15:406][944]LogWorld: Game class is 'TwinStickMode_C'
[2016.06.17-20.07.15:408][944]LogWorld: Bringing World /Game/Maps/UEDPIE_0_ArenaMap.ArenaMap up for play (max tick rate 0) at 2016.06.17-21.07.15
[2016.06.17-20.07.15:899][944]LogWorld: Bringing up level for play took: 0.491440
[2016.06.17-20.07.17:493][944]LogContentBrowser: Native class hierarchy updated for 'MovieSceneCapture' in 0.0010 seconds. Added 11 classes and 0 folders.
[2016.06.17-20.07.18:220][944]PIE: Info Play in editor start time for /Game/Maps/UEDPIE_0_ArenaMap 3.061
[2016.06.17-20.07.45:110][802]Cmd: OBJ SAVEPACKAGE PACKAGE="/Game/Blueprints/HeroCharacter" FILE="../../../../../../Unreal Engine Projects/Twin-Stick-Shooter/Twin_Stick_Shooter/Content/Blueprints/HeroCharacter.uasset" SILENT=true
[2016.06.17-20.07.45:828][802]LogSavePackage: Save=24.30ms
[2016.06.17-20.07.45:828][802]LogSavePackage: Moving '../../../../../../Unreal Engine Projects/Twin-Stick-Shooter/Twin_Stick_Shooter/Saved/HeroCharacter270C78A843F2EFCD1C59FA9893370881.tmp' to '../../../../../../Unreal Engine Projects/Twin-Stick-Shooter/Twin_Stick_Shooter/Content/Blueprints/HeroCharacter.uasset'
[2016.06.17-20.07.46:723][802]LogSavePackage:Display: Finished SavePackage ../../../../../../Unreal Engine Projects/Twin-Stick-Shooter/Twin_Stick_Shooter/Content/Blueprints/HeroCharacter.uasset
[2016.06.17-20.07.49:497][ 82]LogPlayLevel: PlayLevel: No blueprints needed recompiling
[2016.06.17-20.07.49:498][ 82]PIE: New page: PIE session: ArenaMap (17 Jun 2016 21:07:49)
[2016.06.17-20.07.49:498][ 82]LogPlayLevel: Creating play world package: /Game/Maps/UEDPIE_0_ArenaMap
[2016.06.17-20.07.49:500][ 82]LogPlayLevel: PIE: StaticDuplicateObject took: (0.002507s)
[2016.06.17-20.07.49:501][ 82]LogAIModule: Creating AISystem for world ArenaMap
[2016.06.17-20.07.49:501][ 82]LogPlayLevel: PIE: World Init took: (0.000486s)
[2016.06.17-20.07.49:501][ 82]LogPlayLevel: PIE: Created PIE world by copying editor world from /Game/Maps/ArenaMap.ArenaMap to /Game/Maps/UEDPIE_0_ArenaMap.ArenaMap (0.003209s)
[2016.06.17-20.07.49:522][ 82]LogInit: XAudio2 using 'Speakers (USB Audio Device)' : 2 channels at 44.1 kHz using 16 bits per sample (channel mask 0x3)
[2016.06.17-20.07.49:527][ 82]LogInit: FAudioDevice initialized.
[2016.06.17-20.07.49:575][ 82]LogWorld: Game class is 'TwinStickMode_C'
[2016.06.17-20.07.49:577][ 82]LogWorld: Bringing World /Game/Maps/UEDPIE_0_ArenaMap.ArenaMap up for play (max tick rate 0) at 2016.06.17-21.07.49
[2016.06.17-20.07.49:577][ 82]LogWorld: Bringing up level for play took: 0.001006
[2016.06.17-20.07.49:579][ 82]PIE: Info Play in editor start time for /Game/Maps/UEDPIE_0_ArenaMap 0.42
[2016.06.17-20.07.55:978][832]LogPlayLevel: PlayLevel: No blueprints needed recompiling
[2016.06.17-20.07.55:978][832]PIE: New page: PIE session: ArenaMap (17 Jun 2016 21:07:55)
[2016.06.17-20.07.55:979][832]LogPlayLevel: Creating play world package: /Game/Maps/UEDPIE_0_ArenaMap
[2016.06.17-20.07.55:981][832]LogPlayLevel: PIE: StaticDuplicateObject took: (0.002342s)
[2016.06.17-20.07.55:981][832]LogAIModule: Creating AISystem for world ArenaMap
[2016.06.17-20.07.55:981][832]LogPlayLevel: PIE: World Init took: (0.000444s)
[2016.06.17-20.07.55:981][832]LogPlayLevel: PIE: Created PIE world by copying editor world from /Game/Maps/ArenaMap.ArenaMap to /Game/Maps/UEDPIE_0_ArenaMap.ArenaMap (0.002938s)
[2016.06.17-20.07.55:999][832]LogInit: XAudio2 using 'Speakers (USB Audio Device)' : 2 channels at 44.1 kHz using 16 bits per sample (channel mask 0x3)
[2016.06.17-20.07.56:004][832]LogInit: FAudioDevice initialized.
[2016.06.17-20.07.56:051][832]LogWorld: Game class is 'TwinStickMode_C'
[2016.06.17-20.07.56:052][832]LogWorld: Bringing World /Game/Maps/UEDPIE_0_ArenaMap.ArenaMap up for play (max tick rate 0) at 2016.06.17-21.07.56
[2016.06.17-20.07.56:053][832]LogWorld: Bringing up level for play took: 0.001010
[2016.06.17-20.07.56:054][832]PIE: Info Play in editor start time for /Game/Maps/UEDPIE_0_ArenaMap 0.895
[2016.06.17-20.08.06:065][ 10]LogEditorViewport: Clicking on Actor (LMB): PlayerStart (PlayerStart)
[2016.06.17-20.08.11:664][680]LogNavigationPoint: PostEditMove Clear paths rebuilt
[2016.06.17-20.08.12:873][821]LogPlayLevel: PlayLevel: No blueprints needed recompiling
[2016.06.17-20.08.12:874][821]PIE: New page: PIE session: ArenaMap (17 Jun 2016 21:08:12)
[2016.06.17-20.08.12:874][821]LogPlayLevel: Creating play world package: /Game/Maps/UEDPIE_0_ArenaMap
[2016.06.17-20.08.12:876][821]LogPlayLevel: PIE: StaticDuplicateObject took: (0.002406s)
[2016.06.17-20.08.12:877][821]LogAIModule: Creating AISystem for world ArenaMap
[2016.06.17-20.08.12:877][821]LogPlayLevel: PIE: World Init took: (0.000456s)
[2016.06.17-20.08.12:877][821]LogPlayLevel: PIE: Created PIE world by copying editor world from /Game/Maps/ArenaMap.ArenaMap to /Game/Maps/UEDPIE_0_ArenaMap.ArenaMap (0.003072s)
[2016.06.17-20.08.12:895][821]LogInit: XAudio2 using 'Speakers (USB Audio Device)' : 2 channels at 44.1 kHz using 16 bits per sample (channel mask 0x3)
[2016.06.17-20.08.12:899][821]LogInit: FAudioDevice initialized.
[2016.06.17-20.08.12:945][821]LogWorld: Game class is 'TwinStickMode_C'
[2016.06.17-20.08.12:946][821]LogWorld: Bringing World /Game/Maps/UEDPIE_0_ArenaMap.ArenaMap up for play (max tick rate 0) at 2016.06.17-21.08.12
[2016.06.17-20.08.12:947][821]LogWorld: Bringing up level for play took: 0.001051
[2016.06.17-20.08.12:948][821]PIE: Info Play in editor start time for /Game/Maps/UEDPIE_0_ArenaMap -0.21
[2016.06.17-20.08.45:012][321]LogPlayLevel: PlayLevel: No blueprints needed recompiling
[2016.06.17-20.08.45:013][321]PIE: New page: PIE session: ArenaMap (17 Jun 2016 21:08:45)
[2016.06.17-20.08.45:013][321]LogPlayLevel: Creating play world package: /Game/Maps/UEDPIE_0_ArenaMap
[2016.06.17-20.08.45:019][321]LogPlayLevel: PIE: StaticDuplicateObject took: (0.006277s)
[2016.06.17-20.08.45:020][321]LogAIModule: Creating AISystem for world ArenaMap
[2016.06.17-20.08.45:020][321]LogPlayLevel: PIE: World Init took: (0.000951s)
[2016.06.17-20.08.45:021][321]LogPlayLevel: PIE: Created PIE world by copying editor world from /Game/Maps/ArenaMap.ArenaMap to /Game/Maps/UEDPIE_0_ArenaMap.ArenaMap (0.007664s)
[2016.06.17-20.08.45:059][321]LogInit: XAudio2 using 'Speakers (USB Audio Device)' : 2 channels at 44.1 kHz using 16 bits per sample (channel mask 0x3)
[2016.06.17-20.08.45:064][321]LogInit: FAudioDevice initialized.
[2016.06.17-20.08.45:109][321]LogWorld: Game class is 'TwinStickMode_C'
[2016.06.17-20.08.45:111][321]LogWorld: Bringing World /Game/Maps/UEDPIE_0_ArenaMap.ArenaMap up for play (max tick rate 0) at 2016.06.17-21.08.45
[2016.06.17-20.08.45:112][321]LogWorld: Bringing up level for play took: 0.001117
[2016.06.17-20.08.45:113][321]PIE: Info Play in editor start time for /Game/Maps/UEDPIE_0_ArenaMap -0.045
[2016.06.17-20.08.48:130][666]Cmd: TRANSACTION UNDO
[2016.06.17-20.08.48:130][666]LogEditorTransaction: Undo Rotate Actors
[2016.06.17-20.08.48:516][700]Cmd: TRANSACTION UNDO
[2016.06.17-20.08.48:516][700]LogEditorTransaction: Undo Clicking on Actors
[2016.06.17-20.08.54:754][401]LogPlayLevel: PlayLevel: No blueprints needed recompiling
[2016.06.17-20.08.54:754][401]PIE: New page: PIE session: ArenaMap (17 Jun 2016 21:08:54)
[2016.06.17-20.08.54:755][401]LogPlayLevel: Creating play world package: /Game/Maps/UEDPIE_0_ArenaMap
[2016.06.17-20.08.54:764][401]LogPlayLevel: PIE: StaticDuplicateObject took: (0.009639s)
[2016.06.17-20.08.54:765][401]LogAIModule: Creating AISystem for world ArenaMap
[2016.06.17-20.08.54:766][401]LogPlayLevel: PIE: World Init took: (0.001537s)
[2016.06.17-20.08.54:766][401]LogPlayLevel: PIE: Created PIE world by copying editor world from /Game/Maps/ArenaMap.ArenaMap to /Game/Maps/UEDPIE_0_ArenaMap.ArenaMap (0.011665s)
[2016.06.17-20.08.54:813][401]LogInit: XAudio2 using 'Speakers (USB Audio Device)' : 2 channels at 44.1 kHz using 16 bits per sample (channel mask 0x3)
[2016.06.17-20.08.54:820][401]LogInit: FAudioDevice initialized.
[2016.06.17-20.08.54:868][401]LogWorld: Game class is 'TwinStickMode_C'
[2016.06.17-20.08.54:870][401]LogWorld: Bringing World /Game/Maps/UEDPIE_0_ArenaMap.ArenaMap up for play (max tick rate 0) at 2016.06.17-21.08.54
[2016.06.17-20.08.54:870][401]LogWorld: Bringing up level for play took: 0.001009
[2016.06.17-20.08.54:871][401]PIE: Info Play in editor start time for /Game/Maps/UEDPIE_0_ArenaMap -0.287
[2016.06.17-20.09.00:591][ 63]Cmd: TRANSACTION UNDO
[2016.06.17-20.09.00:591][ 63]LogEditorTransaction: Undo Edit Default GameMode
[2016.06.17-20.09.03:423][383]Cmd: TRANSACTION REDO
[2016.06.17-20.09.03:423][383]LogEditorTransaction: Redo Edit Default GameMode
[2016.06.17-20.09.07:554][877]LogNavigationPoint: PostEditMove Clear paths rebuilt
[2016.06.17-20.09.08:691][996]LogPlayLevel: PlayLevel: No blueprints needed recompiling
[2016.06.17-20.09.08:691][996]PIE: New page: PIE session: ArenaMap (17 Jun 2016 21:09:08)
[2016.06.17-20.09.08:691][996]LogPlayLevel: Creating play world package: /Game/Maps/UEDPIE_0_ArenaMap
[2016.06.17-20.09.08:694][996]LogPlayLevel: PIE: StaticDuplicateObject took: (0.002607s)
[2016.06.17-20.09.08:694][996]LogAIModule: Creating AISystem for world ArenaMap
[2016.06.17-20.09.08:694][996]LogPlayLevel: PIE: World Init took: (0.000493s)
[2016.06.17-20.09.08:694][996]LogPlayLevel: PIE: Created PIE world by copying editor world from /Game/Maps/ArenaMap.ArenaMap to /Game/Maps/UEDPIE_0_ArenaMap.ArenaMap (0.003278s)
[2016.06.17-20.09.08:714][996]LogInit: XAudio2 using 'Speakers (USB Audio Device)' : 2 channels at 44.1 kHz using 16 bits per sample (channel mask 0x3)
[2016.06.17-20.09.08:719][996]LogInit: FAudioDevice initialized.
[2016.06.17-20.09.08:767][996]LogWorld: Game class is 'TwinStickMode_C'
[2016.06.17-20.09.08:768][996]LogWorld: Bringing World /Game/Maps/UEDPIE_0_ArenaMap.ArenaMap up for play (max tick rate 0) at 2016.06.17-21.09.08
[2016.06.17-20.09.08:769][996]LogWorld: Bringing up level for play took: 0.001166
[2016.06.17-20.09.08:771][996]PIE: Info Play in editor start time for /Game/Maps/UEDPIE_0_ArenaMap -0.388
[2016.06.17-20.09.13:832][593]LogNavigationPoint: PostEditMove Clear paths rebuilt
[2016.06.17-20.09.17:269][979]LogNavigationPoint: PostEditMove Clear paths rebuilt
[2016.06.17-20.09.18:715][151]Cmd: TRANSACTION UNDO
[2016.06.17-20.09.18:715][151]LogEditorTransaction: Undo Move Actors
[2016.06.17-20.09.20:848][386]LogNavigationPoint: PostEditMove Clear paths rebuilt
[2016.06.17-20.09.22:172][544]LogNavigationPoint: PostEditMove Clear paths rebuilt
[2016.06.17-20.09.26:216][996]LogNavigationPoint: PostEditMove Clear paths rebuilt
[2016.06.17-20.09.26:941][ 76]LogPlayLevel: PlayLevel: No blueprints needed recompiling
[2016.06.17-20.09.26:941][ 76]PIE: New page: PIE session: ArenaMap (17 Jun 2016 21:09:26)
[2016.06.17-20.09.26:941][ 76]LogPlayLevel: Creating play world package: /Game/Maps/UEDPIE_0_ArenaMap
[2016.06.17-20.09.26:943][ 76]LogPlayLevel: PIE: StaticDuplicateObject took: (0.002401s)
[2016.06.17-20.09.26:944][ 76]LogAIModule: Creating AISystem for world ArenaMap
[2016.06.17-20.09.26:944][ 76]LogPlayLevel: PIE: World Init took: (0.000467s)
[2016.06.17-20.09.26:944][ 76]LogPlayLevel: PIE: Created PIE world by copying editor world from /Game/Maps/ArenaMap.ArenaMap to /Game/Maps/UEDPIE_0_ArenaMap.ArenaMap (0.003077s)
[2016.06.17-20.09.26:962][ 76]LogInit: XAudio2 using 'Speakers (USB Audio Device)' : 2 channels at 44.1 kHz using 16 bits per sample (channel mask 0x3)
[2016.06.17-20.09.26:966][ 76]LogInit: FAudioDevice initialized.
[2016.06.17-20.09.27:010][ 76]LogWorld: Game class is 'TwinStickMode_C'
[2016.06.17-20.09.27:011][ 76]LogWorld: Bringing World /Game/Maps/UEDPIE_0_ArenaMap.ArenaMap up for play (max tick rate 0) at 2016.06.17-21.09.27
[2016.06.17-20.09.27:012][ 76]LogWorld: Bringing up level for play took: 0.001006
[2016.06.17-20.09.27:013][ 76]PIE: Info Play in editor start time for /Game/Maps/UEDPIE_0_ArenaMap -0.145
[2016.06.17-20.09.57:551][542]LogPlayLevel: PlayLevel: No blueprints needed recompiling
[2016.06.17-20.09.57:551][542]PIE: New page: PIE session: ArenaMap (17 Jun 2016 21:09:57)
[2016.06.17-20.09.57:551][542]LogPlayLevel: Creating play world package: /Game/Maps/UEDPIE_0_ArenaMap
[2016.06.17-20.09.57:553][542]LogPlayLevel: PIE: StaticDuplicateObject took: (0.002566s)
[2016.06.17-20.09.57:554][542]LogAIModule: Creating AISystem for world ArenaMap
[2016.06.17-20.09.57:554][542]LogPlayLevel: PIE: World Init took: (0.000512s)
[2016.06.17-20.09.57:554][542]LogPlayLevel: PIE: Created PIE world by copying editor world from /Game/Maps/ArenaMap.ArenaMap to /Game/Maps/UEDPIE_0_ArenaMap.ArenaMap (0.003292s)
[2016.06.17-20.09.57:572][542]LogInit: XAudio2 using 'Speakers (USB Audio Device)' : 2 channels at 44.1 kHz using 16 bits per sample (channel mask 0x3)
[2016.06.17-20.09.57:577][542]LogInit: FAudioDevice initialized.
[2016.06.17-20.09.57:619][542]LogWorld: Game class is 'TwinStickMode_C'
[2016.06.17-20.09.57:620][542]LogWorld: Bringing World /Game/Maps/UEDPIE_0_ArenaMap.ArenaMap up for play (max tick rate 0) at 2016.06.17-21.09.57
[2016.06.17-20.09.57:621][542]LogWorld: Bringing up level for play took: 0.001047
[2016.06.17-20.09.57:622][542]PIE: Info Play in editor start time for /Game/Maps/UEDPIE_0_ArenaMap 0.463
[2016.06.17-20.12.34:158][869]BlueprintLog: New page: Compile HeroCharacter
[2016.06.17-20.12.34:292][869]BlueprintEditorCompileResults: Info [0909.04] Compile of HeroCharacter successful! [in 133 ms] (/Game/Blueprints/HeroCharacter.HeroCharacter)
[2016.06.17-20.12.35:015][950]Cmd: OBJ SAVEPACKAGE PACKAGE="/Game/Blueprints/HeroCharacter" FILE="../../../../../../Unreal Engine Projects/Twin-Stick-Shooter/Twin_Stick_Shooter/Content/Blueprints/HeroCharacter.uasset" SILENT=true
[2016.06.17-20.12.35:332][950]LogSavePackage: Save=37.62ms
[2016.06.17-20.12.35:332][950]LogSavePackage: Moving '../../../../../../Unreal Engine Projects/Twin-Stick-Shooter/Twin_Stick_Shooter/Saved/HeroCharacterB5231A6F4B22DB037D3F479210F370AB.tmp' to '../../../../../../Unreal Engine Projects/Twin-Stick-Shooter/Twin_Stick_Shooter/Content/Blueprints/HeroCharacter.uasset'
[2016.06.17-20.12.35:990][950]LogSavePackage:Display: Finished SavePackage ../../../../../../Unreal Engine Projects/Twin-Stick-Shooter/Twin_Stick_Shooter/Content/Blueprints/HeroCharacter.uasset
[2016.06.17-20.12.37:633][140]LogPlayLevel: PlayLevel: No blueprints needed recompiling
[2016.06.17-20.12.37:633][140]PIE: New page: PIE session: ArenaMap (17 Jun 2016 21:12:37)
[2016.06.17-20.12.37:633][140]LogPlayLevel: Creating play world package: /Game/Maps/UEDPIE_0_ArenaMap
[2016.06.17-20.12.37:636][140]LogPlayLevel: PIE: StaticDuplicateObject took: (0.002443s)
[2016.06.17-20.12.37:636][140]LogAIModule: Creating AISystem for world ArenaMap
[2016.06.17-20.12.37:636][140]LogPlayLevel: PIE: World Init took: (0.000491s)
[2016.06.17-20.12.37:636][140]LogPlayLevel: PIE: Created PIE world by copying editor world from /Game/Maps/ArenaMap.ArenaMap to /Game/Maps/UEDPIE_0_ArenaMap.ArenaMap (0.003128s)
[2016.06.17-20.12.37:657][140]LogInit: XAudio2 using 'Speakers (USB Audio Device)' : 2 channels at 44.1 kHz using 16 bits per sample (channel mask 0x3)
[2016.06.17-20.12.37:662][140]LogInit: FAudioDevice initialized.
[2016.06.17-20.12.37:709][140]LogWorld: Game class is 'TwinStickMode_C'
[2016.06.17-20.12.37:711][140]LogWorld: Bringing World /Game/Maps/UEDPIE_0_ArenaMap.ArenaMap up for play (max tick rate 0) at 2016.06.17-21.12.37
[2016.06.17-20.12.37:711][140]LogWorld: Bringing up level for play took: 0.001016
[2016.06.17-20.12.37:733][140]PIE: Info Play in editor start time for /Game/Maps/UEDPIE_0_ArenaMap 0.574
[2016.06.17-20.16.54:909][681]Cmd: TRANSACTION UNDO
[2016.06.17-20.16.54:909][681]LogEditorTransaction: Undo Create Reroute Node
[2016.06.17-20.20.05:943][415]BlueprintLog: New page: Compile HeroCharacter
[2016.06.17-20.20.06:023][415]BlueprintEditorCompileResults: Info [1360.77] Compile of HeroCharacter successful! [in 79 ms] (/Game/Blueprints/HeroCharacter.HeroCharacter)
[2016.06.17-20.20.06:631][483]Cmd: OBJ SAVEPACKAGE PACKAGE="/Game/Blueprints/HeroCharacter" FILE="../../../../../../Unreal Engine Projects/Twin-Stick-Shooter/Twin_Stick_Shooter/Content/Blueprints/HeroCharacter.uasset" SILENT=true
[2016.06.17-20.20.07:447][483]LogSavePackage: Save=78.07ms
[2016.06.17-20.20.07:447][483]LogSavePackage: Moving '../../../../../../Unreal Engine Projects/Twin-Stick-Shooter/Twin_Stick_Shooter/Saved/HeroCharacter3D3667B24B784EFA9127A8B465D3B4B6.tmp' to '../../../../../../Unreal Engine Projects/Twin-Stick-Shooter/Twin_Stick_Shooter/Content/Blueprints/HeroCharacter.uasset'
[2016.06.17-20.20.08:242][483]LogSavePackage:Display: Finished SavePackage ../../../../../../Unreal Engine Projects/Twin-Stick-Shooter/Twin_Stick_Shooter/Content/Blueprints/HeroCharacter.uasset
[2016.06.17-20.20.12:577][998]LogPlayLevel: PlayLevel: No blueprints needed recompiling
[2016.06.17-20.20.12:577][998]PIE: New page: PIE session: ArenaMap (17 Jun 2016 21:20:12)
[2016.06.17-20.20.12:577][998]LogPlayLevel: Creating play world package: /Game/Maps/UEDPIE_0_ArenaMap
[2016.06.17-20.20.12:589][998]LogPlayLevel: PIE: StaticDuplicateObject took: (0.011299s)
[2016.06.17-20.20.12:589][998]LogAIModule: Creating AISystem for world ArenaMap
[2016.06.17-20.20.12:589][998]LogPlayLevel: PIE: World Init took: (0.000612s)
[2016.06.17-20.20.12:590][998]LogPlayLevel: PIE: Created PIE world by copying editor world from /Game/Maps/ArenaMap.ArenaMap to /Game/Maps/UEDPIE_0_ArenaMap.ArenaMap (0.012136s)
[2016.06.17-20.20.12:610][998]LogInit: XAudio2 using 'Speakers (USB Audio Device)' : 2 channels at 44.1 kHz using 16 bits per sample (channel mask 0x3)
[2016.06.17-20.20.12:615][998]LogInit: FAudioDevice initialized.
[2016.06.17-20.20.12:661][998]LogWorld: Game class is 'TwinStickMode_C'
[2016.06.17-20.20.12:662][998]LogWorld: Bringing World /Game/Maps/UEDPIE_0_ArenaMap.ArenaMap up for play (max tick rate 0) at 2016.06.17-21.20.12
[2016.06.17-20.20.12:663][998]LogWorld: Bringing up level for play took: 0.001028
[2016.06.17-20.20.12:664][998]PIE: Info Play in editor start time for /Game/Maps/UEDPIE_0_ArenaMap -0.495
[2016.06.17-20.21.41:669][657]BlueprintLog: New page: Compile HeroCharacter
[2016.06.17-20.21.41:745][657]BlueprintEditorCompileResults: Info [1456.50] Compile of HeroCharacter successful! [in 76 ms] (/Game/Blueprints/HeroCharacter.HeroCharacter)
[2016.06.17-20.21.44:116][936]Cmd: OBJ SAVEPACKAGE PACKAGE="/Game/Blueprints/HeroCharacter" FILE="../../../../../../Unreal Engine Projects/Twin-Stick-Shooter/Twin_Stick_Shooter/Content/Blueprints/HeroCharacter.uasset" SILENT=true
[2016.06.17-20.21.45:237][936]LogSavePackage: Save=38.85ms
[2016.06.17-20.21.45:237][936]LogSavePackage: Moving '../../../../../../Unreal Engine Projects/Twin-Stick-Shooter/Twin_Stick_Shooter/Saved/HeroCharacterE98786764DE52637AC7CBCA236332B2E.tmp' to '../../../../../../Unreal Engine Projects/Twin-Stick-Shooter/Twin_Stick_Shooter/Content/Blueprints/HeroCharacter.uasset'
[2016.06.17-20.21.46:040][936]LogSavePackage:Display: Finished SavePackage ../../../../../../Unreal Engine Projects/Twin-Stick-Shooter/Twin_Stick_Shooter/Content/Blueprints/HeroCharacter.uasset
[2016.06.17-20.21.48:907][180]LogPlayLevel: PlayLevel: No blueprints needed recompiling
[2016.06.17-20.21.48:907][180]PIE: New page: PIE session: ArenaMap (17 Jun 2016 21:21:48)
[2016.06.17-20.21.48:907][180]LogPlayLevel: Creating play world package: /Game/Maps/UEDPIE_0_ArenaMap
[2016.06.17-20.21.48:918][180]LogPlayLevel: PIE: StaticDuplicateObject took: (0.010331s)
[2016.06.17-20.21.48:919][180]LogAIModule: Creating AISystem for world ArenaMap
[2016.06.17-20.21.48:920][180]LogPlayLevel: PIE: World Init took: (0.001613s)
[2016.06.17-20.21.48:920][180]LogPlayLevel: PIE: Created PIE world by copying editor world from /Game/Maps/ArenaMap.ArenaMap to /Game/Maps/UEDPIE_0_ArenaMap.ArenaMap (0.012475s)
[2016.06.17-20.21.48:965][180]LogInit: XAudio2 using 'Speakers (USB Audio Device)' : 2 channels at 44.1 kHz using 16 bits per sample (channel mask 0x3)
[2016.06.17-20.21.48:973][180]LogInit: FAudioDevice initialized.
[2016.06.17-20.21.49:021][180]LogWorld: Game class is 'TwinStickMode_C'
[2016.06.17-20.21.49:023][180]LogWorld: Bringing World /Game/Maps/UEDPIE_0_ArenaMap.ArenaMap up for play (max tick rate 0) at 2016.06.17-21.21.49
[2016.06.17-20.21.49:023][180]LogWorld: Bringing up level for play took: 0.001119
[2016.06.17-20.21.49:025][180]PIE: Info Play in editor start time for /Game/Maps/UEDPIE_0_ArenaMap -0.134
[2016.06.17-20.23.08:174][281]LogSavePackage: Save=75.23ms
[2016.06.17-20.23.08:174][281]LogSavePackage: Moving '../../../../../../Unreal Engine Projects/Twin-Stick-Shooter/Twin_Stick_Shooter/Saved/ArenaMap11822C484363365900CFBD910C2E251D.tmp' to '../../../../../../Unreal Engine Projects/Twin-Stick-Shooter/Twin_Stick_Shooter/Content/Maps/ArenaMap.umap'
[2016.06.17-20.23.09:431][281]LogSavePackage:Display: Finished SavePackage ../../../../../../Unreal Engine Projects/Twin-Stick-Shooter/Twin_Stick_Shooter/Content/Maps/ArenaMap.umap
[2016.06.17-20.23.10:319][281]LogFileHelpers: Saving map 'ArenaMap' took 5.166
[2016.06.17-20.24.04:470][278]LogPlayLevel: PlayLevel: No blueprints needed recompiling
[2016.06.17-20.24.04:470][278]PIE: New page: PIE session: ArenaMap (17 Jun 2016 21:24:04)
[2016.06.17-20.24.04:470][278]LogPlayLevel: Creating play world package: /Game/Maps/UEDPIE_0_ArenaMap
[2016.06.17-20.24.04:473][278]LogPlayLevel: PIE: StaticDuplicateObject took: (0.002777s)
[2016.06.17-20.24.04:474][278]LogAIModule: Creating AISystem for world ArenaMap
[2016.06.17-20.24.04:474][278]LogPlayLevel: PIE: World Init took: (0.000505s)
[2016.06.17-20.24.04:474][278]LogPlayLevel: PIE: Created PIE world by copying editor world from /Game/Maps/ArenaMap.ArenaMap to /Game/Maps/UEDPIE_0_ArenaMap.ArenaMap (0.003512s)
[2016.06.17-20.24.04:497][278]LogInit: XAudio2 using 'Speakers (USB Audio Device)' : 2 channels at 44.1 kHz using 16 bits per sample (channel mask 0x3)
[2016.06.17-20.24.04:502][278]LogInit: FAudioDevice initialized.
[2016.06.17-20.24.04:544][278]LogWorld: Game class is 'TwinStickMode_C'
[2016.06.17-20.24.04:546][278]LogWorld: Bringing World /Game/Maps/UEDPIE_0_ArenaMap.ArenaMap up for play (max tick rate 0) at 2016.06.17-21.24.04
[2016.06.17-20.24.04:546][278]LogWorld: Bringing up level for play took: 0.001088
[2016.06.17-20.24.04:548][278]PIE: Info Play in editor start time for /Game/Maps/UEDPIE_0_ArenaMap -0.611
[2016.06.17-20.26.59:335][191]Cmd: QUIT_EDITOR
[2016.06.17-20.26.59:457][191]LogWindowsTextInputMethodSystem:Display: IME system now deactivated.
[2016.06.17-20.26.59:504][191]LogExit: Preparing to exit.
[2016.06.17-20.27.00:848][191]LogExit: Editor shut down
[2016.06.17-20.27.00:849][191]LogExit: Transaction tracking system shut down
[2016.06.17-20.27.01:005][191]LogObj: Freed 0b from 0 cluster array pools.
[2016.06.17-20.27.01:006][191]LogExit: Object subsystem successfully closed.
[2016.06.17-20.27.01:017][191]LogD3D11RHI: Shutdown
[2016.06.17-20.27.01:017][191]LogD3D11RHI: CleanupD3DDevice
[2016.06.17-20.27.01:074][191]LogD3D11RHI: ~FD3D11DynamicRHI
[2016.06.17-20.27.01:080][191]LogModuleManager: Shutting down and abandoning module MovieSceneCapture (217)
[2016.06.17-20.27.01:080][191]LogModuleManager: Shutting down and abandoning module ExternalImagePicker (216)
[2016.06.17-20.27.01:080][191]LogModuleManager: Shutting down and abandoning module BlueprintGraph (215)
[2016.06.17-20.27.01:100][191]LogModuleManager: Shutting down and abandoning module HierarchicalLODOutliner (214)
[2016.06.17-20.27.01:100][191]LogModuleManager: Shutting down and abandoning module CrashTracker (213)
[2016.06.17-20.27.01:100][191]LogModuleManager: Shutting down and abandoning module SceneOutliner (212)
[2016.06.17-20.27.01:100][191]LogModuleManager: Shutting down and abandoning module WidgetCarousel (211)
[2016.06.17-20.27.01:100][191]LogModuleManager: Shutting down and abandoning module AddContentDialog (210)
[2016.06.17-20.27.01:101][191]LogModuleManager: Shutting down and abandoning module GameplayTags (209)
[2016.06.17-20.27.01:101][191]LogModuleManager: Shutting down and abandoning module EditorWidgets (208)
[2016.06.17-20.27.01:101][191]LogModuleManager: Shutting down and abandoning module CollectionManager (207)
[2016.06.17-20.27.01:101][191]LogModuleManager: Shutting down and abandoning module StatsViewer (206)
[2016.06.17-20.27.01:101][191]LogModuleManager: Shutting down and abandoning module FoliageEdit (205)
[2016.06.17-20.27.01:101][191]LogModuleManager: Shutting down and abandoning module LandscapeEditor (204)
[2016.06.17-20.27.01:101][191]LogModuleManager: Shutting down and abandoning module SceneDepthPickerMode (203)
[2016.06.17-20.27.01:101][191]LogModuleManager: Shutting down and abandoning module ActorPickerMode (202)
[2016.06.17-20.27.01:101][191]LogModuleManager: Shutting down and abandoning module GeometryMode (201)
[2016.06.17-20.27.01:101][191]LogModuleManager: Shutting down and abandoning module TextureAlignMode (200)
[2016.06.17-20.27.01:101][191]LogModuleManager: Shutting down and abandoning module BspMode (199)
[2016.06.17-20.27.01:101][191]LogModuleManager: Shutting down and abandoning module HardwareSurvey (198)
[2016.06.17-20.27.01:101][191]LogModuleManager: Shutting down and abandoning module SequenceRecorderSections (197)
[2016.06.17-20.27.01:101][191]LogModuleManager: Shutting down and abandoning module SequenceRecorder (196)
[2016.06.17-20.27.01:101][191]LogModuleManager: Shutting down and abandoning module AutomationWorker (195)
[2016.06.17-20.27.01:101][191]LogModuleManager: Shutting down and abandoning module MatineeToLevelSequence (194)
[2016.06.17-20.27.01:101][191]LogModuleManager: Shutting down and abandoning module PlacementMode (193)
[2016.06.17-20.27.01:101][191]LogModuleManager: Shutting down and abandoning module LevelSequenceEditor (192)
[2016.06.17-20.27.01:102][191]LogModuleManager: Shutting down and abandoning module CharacterAI (191)
[2016.06.17-20.27.01:102][191]LogModuleManager: Shutting down and abandoning module SmartSnapping (190)
[2016.06.17-20.27.01:102][191]LogModuleManager: Shutting down and abandoning module SessionServices (189)
[2016.06.17-20.27.01:102][191]LogModuleManager: Shutting down and abandoning module ViewportSnapping (188)
[2016.06.17-20.27.01:102][191]LogModuleManager: Shutting down and abandoning module LogVisualizer (187)
[2016.06.17-20.27.01:102][191]LogModuleManager: Shutting down and abandoning module GameProjectGeneration (186)
[2016.06.17-20.27.01:102][191]LogModuleManager: Shutting down and abandoning module IntroTutorials (185)
[2016.06.17-20.27.01:102][191]LogModuleManager: Shutting down and abandoning module EditorLiveStreaming (184)
[2016.06.17-20.27.01:102][191]LogModuleManager: Shutting down and abandoning module IOSPlatformEditor (183)
[2016.06.17-20.27.01:102][191]LogModuleManager: Shutting down and abandoning module HTML5PlatformEditor (182)
[2016.06.17-20.27.01:102][191]LogModuleManager: Shutting down and abandoning module AndroidDeviceDetection (181)
[2016.06.17-20.27.01:906][191]LogModuleManager: Shutting down and abandoning module AndroidPlatformEditor (180)
[2016.06.17-20.27.01:906][191]LogModuleManager: Shutting down and abandoning module IOSRuntimeSettings (179)
[2016.06.17-20.27.01:906][191]LogModuleManager: Shutting down and abandoning module AndroidRuntimeSettings (178)
[2016.06.17-20.27.01:906][191]LogModuleManager: Shutting down and abandoning module MergeActors (177)
[2016.06.17-20.27.01:906][191]LogModuleManager: Shutting down and abandoning module SizeMap (176)
[2016.06.17-20.27.01:906][191]LogModuleManager: Shutting down and abandoning module TreeMap (175)
[2016.06.17-20.27.01:906][191]LogModuleManager: Shutting down and abandoning module ReferenceViewer (174)
[2016.06.17-20.27.01:906][191]LogModuleManager: Shutting down and abandoning module LocalizationService (173)
[2016.06.17-20.27.01:906][191]LogModuleManager: Shutting down and abandoning module LocalizationDashboard (172)
[2016.06.17-20.27.01:906][191]LogModuleManager: Shutting down and abandoning module HardwareTargeting (171)
[2016.06.17-20.27.01:906][191]LogModuleManager: Shutting down and abandoning module DeviceProfileEditor (170)
[2016.06.17-20.27.01:906][191]LogModuleManager: Shutting down and abandoning module UndoHistory (169)
[2016.06.17-20.27.01:906][191]LogModuleManager: Shutting down and abandoning module UserFeedback (168)
[2016.06.17-20.27.01:906][191]LogModuleManager: Shutting down and abandoning module XmlParser (167)
[2016.06.17-20.27.01:906][191]LogModuleManager: Shutting down and abandoning module Blutility (166)
[2016.06.17-20.27.01:906][191]LogModuleManager: Shutting down and abandoning module ProjectTargetPlatformEditor (165)
[2016.06.17-20.27.01:906][191]LogModuleManager: Shutting down and abandoning module ProjectSettingsViewer (164)
[2016.06.17-20.27.01:906][191]LogModuleManager: Shutting down and abandoning module InputBindingEditor (163)
[2016.06.17-20.27.01:906][191]LogModuleManager: Shutting down and abandoning module EditorSettingsViewer (162)
[2016.06.17-20.27.01:906][191]LogModuleManager: Shutting down and abandoning module SettingsEditor (161)
[2016.06.17-20.27.01:906][191]LogModuleManager: Shutting down and abandoning module ProjectLauncher (160)
[2016.06.17-20.27.01:906][191]LogModuleManager: Shutting down and abandoning module SessionFrontend (159)
[2016.06.17-20.27.01:906][191]LogModuleManager: Shutting down and abandoning module ProfilerClient (158)
[2016.06.17-20.27.01:906][191]LogModuleManager: Shutting down and abandoning module TargetDeviceServices (157)
[2016.06.17-20.27.01:907][191]LogModuleManager: Shutting down and abandoning module DeviceManager (156)
[2016.06.17-20.27.01:938][191]LogModuleManager: Shutting down and abandoning module AutomationController (155)
[2016.06.17-20.27.01:938][191]LogModuleManager: Shutting down and abandoning module AutomationWindow (154)
[2016.06.17-20.27.01:938][191]LogModuleManager: Shutting down and abandoning module Layers (153)
[2016.06.17-20.27.01:938][191]LogModuleManager: Shutting down and abandoning module ComponentVisualizers (152)
[2016.06.17-20.27.01:938][191]LogModuleManager: Shutting down and abandoning module DetailCustomizations (151)
[2016.06.17-20.27.01:938][191]LogModuleManager: Shutting down and abandoning module PackagesDialog (150)
[2016.06.17-20.27.01:938][191]LogModuleManager: Shutting down and abandoning module Persona (149)
[2016.06.17-20.27.01:938][191]LogModuleManager: Shutting down and abandoning module Kismet (148)
[2016.06.17-20.27.01:938][191]LogModuleManager: Shutting down and abandoning module GraphEditor (147)
[2016.06.17-20.27.01:938][191]LogModuleManager: Shutting down and abandoning module ClassViewer (146)
[2016.06.17-20.27.01:939][191]LogModuleManager: Shutting down and abandoning module Toolbox (145)
[2016.06.17-20.27.01:939][191]LogModuleManager: Shutting down and abandoning module ModuleUI (144)
[2016.06.17-20.27.01:939][191]LogModuleManager: Shutting down and abandoning module MovieSceneTools (143)
[2016.06.17-20.27.01:939][191]LogModuleManager: Shutting down and abandoning module OutputLog (142)
[2016.06.17-20.27.01:939][191]LogModuleManager: Shutting down and abandoning module GammaUI (141)
[2016.06.17-20.27.01:939][191]LogModuleManager: Shutting down and abandoning module Documentation (140)
[2016.06.17-20.27.01:939][191]LogModuleManager: Shutting down and abandoning module StreamingPauseRendering (139)
[2016.06.17-20.27.01:939][191]LogModuleManager: Shutting down and abandoning module AnalyticsET (138)
[2016.06.17-20.27.01:939][191]LogModuleManager: Shutting down and abandoning module Analytics (137)
[2016.06.17-20.27.01:939][191]LogModuleManager: Shutting down and abandoning module PortalServices (136)
[2016.06.17-20.27.01:939][191]LogModuleManager: Shutting down and abandoning module PortalRpc (135)
[2016.06.17-20.27.01:939][191]LogModuleManager: Shutting down and abandoning module MessagingRpc (134)
[2016.06.17-20.27.01:939][191]LogModuleManager: Shutting down and abandoning module GameplayDebugger (133)
[2016.06.17-20.27.01:939][191]LogModuleManager: Shutting down and abandoning module AITestSuite (132)
[2016.06.17-20.27.01:939][191]LogModuleManager: Shutting down and abandoning module AIModule (131)
[2016.06.17-20.27.01:939][191]LogModuleManager: Shutting down and abandoning module ProfilerService (130)
[2016.06.17-20.27.02:091][191]LogModuleManager: Shutting down and abandoning module TaskGraph (129)
[2016.06.17-20.27.02:091][191]LogModuleManager: Shutting down and abandoning module SlateRemote (128)
[2016.06.17-20.27.02:091][191]LogModuleManager: Shutting down and abandoning module SteamVRController (127)
[2016.06.17-20.27.02:091][191]LogModuleManager: Shutting down and abandoning module SteamVR (126)
[2016.06.17-20.27.02:091][191]LogModuleManager: Shutting down and abandoning module ProceduralMeshComponent (125)
[2016.06.17-20.27.02:091][191]LogModuleManager: Shutting down and abandoning module OculusLibrary (124)
[2016.06.17-20.27.02:091][191]LogModuleManager: Shutting down and abandoning module OculusInput (123)
[2016.06.17-20.27.02:091][191]LogModuleManager: Shutting down and abandoning module CustomMeshComponent (122)
[2016.06.17-20.27.02:091][191]LogModuleManager: Shutting down and abandoning module CableComponent (121)
[2016.06.17-20.27.02:091][191]LogModuleManager: Shutting down and abandoning module ArchVisCharacter (120)
[2016.06.17-20.27.02:091][191]LogModuleManager: Shutting down and abandoning module MediaPlayerEditor (119)
[2016.06.17-20.27.02:091][191]LogModuleManager: Shutting down and abandoning module HTML5Networking (118)
[2016.06.17-20.27.02:091][191]LogModuleManager: Shutting down and abandoning module SuperSearch (117)
[2016.06.17-20.27.02:091][191]LogModuleManager: Shutting down and abandoning module SuperSearchEditor (116)
[2016.06.17-20.27.02:091][191]LogModuleManager: Shutting down and abandoning module SpeedTreeImporter (115)
[2016.06.17-20.27.02:091][191]LogModuleManager: Shutting down and abandoning module PluginBrowser (114)
[2016.06.17-20.27.02:091][191]LogModuleManager: Shutting down and abandoning module EpicSurvey (113)
[2016.06.17-20.27.02:091][191]LogModuleManager: Shutting down and abandoning module DesktopPlatform (112)
[2016.06.17-20.27.02:091][191]LogModuleManager: Shutting down and abandoning module VisualStudioSourceCodeAccess (111)
[2016.06.17-20.27.02:091][191]LogModuleManager: Shutting down and abandoning module UObjectPlugin (110)
[2016.06.17-20.27.02:091][191]LogModuleManager: Shutting down and abandoning module SubversionSourceControl (109)
[2016.06.17-20.27.02:091][191]LogModuleManager: Shutting down and abandoning module PerforceSourceControl (108)
[2016.06.17-20.27.02:091][191]LogModuleManager: Shutting down and abandoning module SourceControl (107)
[2016.06.17-20.27.02:091][191]LogModuleManager: Shutting down and abandoning module GitSourceControl (106)
[2016.06.17-20.27.02:091][191]LogModuleManager: Shutting down and abandoning module LightPropagationVolumeEditor (105)
[2016.06.17-20.27.02:091][191]LogModuleManager: Shutting down and abandoning module PaperTiledImporter (104)
[2016.06.17-20.27.02:091][191]LogModuleManager: Shutting down and abandoning module PaperSpriteSheetImporter (103)
[2016.06.17-20.27.02:091][191]LogModuleManager: Shutting down and abandoning module MeshPaint (102)
[2016.06.17-20.27.02:091][191]LogModuleManager: Shutting down and abandoning module PixelInspectorModule (101)
[2016.06.17-20.27.02:091][191]LogModuleManager: Shutting down and abandoning module HotReload (100)
[2016.06.17-20.27.02:092][191]LogModuleManager: Shutting down and abandoning module MainFrame (99)
[2016.06.17-20.27.02:092][191]LogModuleManager: Shutting down and abandoning module LevelEditor (98)
[2016.06.17-20.27.02:093][191]LogModuleManager: Shutting down and abandoning module ContentBrowser (97)
[2016.06.17-20.27.02:094][191]LogModuleManager: Shutting down and abandoning module Paper2DEditor (96)
[2016.06.17-20.27.02:094][191]LogModuleManager: Shutting down and abandoning module Twin_Stick_Shooter (95)
[2016.06.17-20.27.02:094][191]LogModuleManager: Shutting down and abandoning module UdpMessaging (94)
[2016.06.17-20.27.02:195][191]LogModuleManager: Shutting down and abandoning module LightPropagationVolumeRuntime (93)
[2016.06.17-20.27.02:195][191]LogModuleManager: Shutting down and abandoning module Paper2D (92)
[2016.06.17-20.27.02:195][191]LogModuleManager: Shutting down and abandoning module WindowsMoviePlayer (91)
[2016.06.17-20.27.02:195][191]LogModuleManager: Shutting down and abandoning module Media (90)
[2016.06.17-20.27.02:195][191]LogModuleManager: Shutting down and abandoning module WmfMedia (89)
[2016.06.17-20.27.02:195][191]LogModuleManager: Shutting down and abandoning module MediaAssets (88)
[2016.06.17-20.27.02:195][191]LogModuleManager: Shutting down and abandoning module GameLiveStreaming (87)
[2016.06.17-20.27.02:195][191]LogModuleManager: Shutting down and abandoning module GameplayTagsEditor (86)
[2016.06.17-20.27.02:195][191]LogModuleManager: Shutting down and abandoning module OnlineBlueprintSupport (85)
[2016.06.17-20.27.02:195][191]LogModuleManager: Shutting down and abandoning module VREditor (84)
[2016.06.17-20.27.02:195][191]LogModuleManager: Shutting down and abandoning module GameplayTasksEditor (83)
[2016.06.17-20.27.02:195][191]LogModuleManager: Shutting down and abandoning module PropertyEditor (82)
[2016.06.17-20.27.02:195][191]LogModuleManager: Shutting down and abandoning module BehaviorTreeEditor (81)
[2016.06.17-20.27.02:195][191]LogModuleManager: Shutting down and abandoning module FunctionalTesting (80)
[2016.06.17-20.27.02:195][191]LogModuleManager: Shutting down and abandoning module CollisionAnalyzer (79)
[2016.06.17-20.27.02:195][191]LogModuleManager: Shutting down and abandoning module Sequencer (78)
[2016.06.17-20.27.02:195][191]LogModuleManager: Shutting down and abandoning module WorkspaceMenuStructure (77)
[2016.06.17-20.27.02:195][191]LogModuleManager: Shutting down and abandoning module MessageLog (76)
[2016.06.17-20.27.02:195][191]LogModuleManager: Shutting down and abandoning module AssetTools (75)
[2016.06.17-20.27.02:195][191]LogModuleManager: Shutting down and abandoning module UMGEditor (74)
[2016.06.17-20.27.02:195][191]LogModuleManager: Shutting down and abandoning module UMG (73)
[2016.06.17-20.27.02:195][191]LogModuleManager: Shutting down and abandoning module SlateReflector (72)
[2016.06.17-20.27.02:195][191]LogModuleManager: Shutting down and abandoning module Slate (71)
[2016.06.17-20.27.02:195][191]LogModuleManager: Shutting down and abandoning module EditorStyle (70)
[2016.06.17-20.27.02:197][191]LogModuleManager: Shutting down and abandoning module SourceCodeAccess (69)
[2016.06.17-20.27.02:197][191]LogModuleManager: Shutting down and abandoning module HeadMountedDisplay (68)
[2016.06.17-20.27.02:197][191]LogModuleManager: Shutting down and abandoning module XAudio2 (67)
[2016.06.17-20.27.02:197][191]LogModuleManager: Shutting down and abandoning module Networking (65)
[2016.06.17-20.27.02:197][191]LogModuleManager: Shutting down and abandoning module Core (64)
[2016.06.17-20.27.02:197][191]LogModuleManager: Shutting down and abandoning module DirectoryWatcher (63)
[2016.06.17-20.27.02:197][191]LogModuleManager: Shutting down and abandoning module AssetRegistry (62)
[2016.06.17-20.27.02:480][191]LogModuleManager: Shutting down and abandoning module KismetCompiler (61)
[2016.06.17-20.27.02:480][191]LogModuleManager: Shutting down and abandoning module PhysXFormats (60)
[2016.06.17-20.27.02:480][191]LogModuleManager: Shutting down and abandoning module MeshUtilities (59)
[2016.06.17-20.27.02:480][191]LogModuleManager: Shutting down and abandoning module DerivedDataCache (58)
[2016.06.17-20.27.02:540][191]LogDerivedDataCache: Shutdown
[2016.06.17-20.27.02:540][191]LogModuleManager: Shutting down and abandoning module VulkanShaderFormat (57)
[2016.06.17-20.27.02:540][191]LogModuleManager: Shutting down and abandoning module ShaderFormatOpenGL (56)
[2016.06.17-20.27.02:540][191]LogModuleManager: Shutting down and abandoning module ShaderFormatD3D (55)
[2016.06.17-20.27.02:540][191]LogModuleManager: Shutting down and abandoning module MetalShaderFormat (54)
[2016.06.17-20.27.02:540][191]LogModuleManager: Shutting down and abandoning module TextureFormatUncompressed (53)
[2016.06.17-20.27.02:540][191]LogModuleManager: Shutting down and abandoning module TextureFormatPVR (52)
[2016.06.17-20.27.02:540][191]LogModuleManager: Shutting down and abandoning module TextureFormatIntelISPCTexComp (51)
[2016.06.17-20.27.02:540][191]LogModuleManager: Shutting down and abandoning module TextureFormatDXT (50)
[2016.06.17-20.27.02:540][191]LogModuleManager: Shutting down and abandoning module ImageWrapper (49)
[2016.06.17-20.27.02:540][191]LogModuleManager: Shutting down and abandoning module TextureFormatASTC (48)
[2016.06.17-20.27.02:540][191]LogModuleManager: Shutting down and abandoning module TextureFormatAndroid (47)
[2016.06.17-20.27.02:540][191]LogModuleManager: Shutting down and abandoning module AudioFormatOpus (46)
[2016.06.17-20.27.02:540][191]LogModuleManager: Shutting down and abandoning module AudioFormatOgg (45)
[2016.06.17-20.27.02:540][191]LogModuleManager: Shutting down and abandoning module AudioFormatADPCM (44)
[2016.06.17-20.27.02:540][191]LogModuleManager: Shutting down and abandoning module LinuxTargetPlatform (43)
[2016.06.17-20.27.02:540][191]LogModuleManager: Shutting down and abandoning module LinuxServerTargetPlatform (42)
[2016.06.17-20.27.02:540][191]LogModuleManager: Shutting down and abandoning module LinuxNoEditorTargetPlatform (41)
[2016.06.17-20.27.02:540][191]LogModuleManager: Shutting down and abandoning module TVOSTargetPlatform (40)
[2016.06.17-20.27.02:540][191]LogModuleManager: Shutting down and abandoning module Messaging (39)
[2016.06.17-20.27.02:540][191]LogModuleManager: Shutting down and abandoning module IOSTargetPlatform (38)
[2016.06.17-20.27.02:540][191]LogModuleManager: Shutting down and abandoning module HTML5TargetPlatform (37)
[2016.06.17-20.27.02:540][191]LogModuleManager: Shutting down and abandoning module Android_PVRTCTargetPlatform (36)
[2016.06.17-20.27.02:540][191]LogModuleManager: Shutting down and abandoning module Android_MultiTargetPlatform (35)
[2016.06.17-20.27.02:540][191]LogModuleManager: Shutting down and abandoning module Android_ETC2TargetPlatform (34)
[2016.06.17-20.27.02:540][191]LogModuleManager: Shutting down and abandoning module Android_ETC1TargetPlatform (33)
[2016.06.17-20.27.02:540][191]LogModuleManager: Shutting down and abandoning module Android_DXTTargetPlatform (32)
[2016.06.17-20.27.02:540][191]LogModuleManager: Shutting down and abandoning module Android_ATCTargetPlatform (31)
[2016.06.17-20.27.02:540][191]LogModuleManager: Shutting down and abandoning module Android_ASTCTargetPlatform (30)
[2016.06.17-20.27.02:540][191]LogModuleManager: Shutting down and abandoning module AndroidTargetPlatform (29)
[2016.06.17-20.27.02:540][191]LogModuleManager: Shutting down and abandoning module WindowsTargetPlatform (28)
[2016.06.17-20.27.02:540][191]LogModuleManager: Shutting down and abandoning module WindowsServerTargetPlatform (27)
[2016.06.17-20.27.02:541][191]LogModuleManager: Shutting down and abandoning module WindowsNoEditorTargetPlatform (26)
[2016.06.17-20.27.02:541][191]LogModuleManager: Shutting down and abandoning module WindowsClientTargetPlatform (25)
[2016.06.17-20.27.02:541][191]LogModuleManager: Shutting down and abandoning module AllDesktopTargetPlatform (24)
[2016.06.17-20.27.02:541][191]LogModuleManager: Shutting down and abandoning module TargetPlatform (23)
[2016.06.17-20.27.02:541][191]LogModuleManager: Shutting down and abandoning module InputCore (22)
[2016.06.17-20.27.02:541][191]LogModuleManager: Shutting down and abandoning module Settings (21)
[2016.06.17-20.27.02:541][191]LogModuleManager: Shutting down and abandoning module OnlineSubsystem (19)
[2016.06.17-20.27.02:541][191]LogModuleManager: Shutting down and abandoning module HTTP (18)
[2016.06.17-20.27.05:546][191]LogModuleManager: Shutting down and abandoning module XMPP (17)
[2016.06.17-20.27.05:546][191]LogModuleManager: Shutting down and abandoning module OculusRift (16)
[2016.06.17-20.27.05:546][191]LogModuleManager: Shutting down and abandoning module ExampleDeviceProfileSelector (15)
[2016.06.17-20.27.05:546][191]LogModuleManager: Shutting down and abandoning module TextureCompressor (14)
[2016.06.17-20.27.05:546][191]LogModuleManager: Shutting down and abandoning module ShaderCore (13)
[2016.06.17-20.27.05:546][191]LogModuleManager: Shutting down and abandoning module Landscape (12)
[2016.06.17-20.27.05:546][191]LogModuleManager: Shutting down and abandoning module SlateRHIRenderer (11)
[2016.06.17-20.27.05:548][191]LogModuleManager: Shutting down and abandoning module OpenGLDrv (10)
[2016.06.17-20.27.05:548][191]LogModuleManager: Shutting down and abandoning module D3D11RHI (9)
[2016.06.17-20.27.05:548][191]LogModuleManager: Shutting down and abandoning module AnimGraphRuntime (8)
[2016.06.17-20.27.05:548][191]LogModuleManager: Shutting down and abandoning module Renderer (7)
[2016.06.17-20.27.05:548][191]LogModuleManager: Shutting down and abandoning module Engine (6)
[2016.06.17-20.27.05:548][191]LogModuleManager: Shutting down and abandoning module CoreUObject (5)
[2016.06.17-20.27.05:548][191]LogModuleManager: Shutting down and abandoning module NetworkFile (4)
[2016.06.17-20.27.05:548][191]LogModuleManager: Shutting down and abandoning module StreamingFile (3)
[2016.06.17-20.27.05:548][191]LogModuleManager: Shutting down and abandoning module SandboxFile (2)
[2016.06.17-20.27.05:548][191]LogModuleManager: Shutting down and abandoning module PakFile (1)
[2016.06.17-20.27.05:551][191]LogExit: Exiting.
[2016.06.17-20.27.05:562][191]Log file closed, 06/17/16 21:27:05
